Copyright 1986-2019 Xilinx, Inc. All Rights Reserved.
-----------------------------------------------------------------------------------------------------------------------------------------------------------------------------------------------------------------------------
| Tool Version : Vivado v.2019.1 (win64) Build 2552052 Fri May 24 14:49:42 MDT 2019
| Date         : Thu May 13 11:45:25 2021
| Host         : DESKTOP-NDOLUA7 running 64-bit major release  (build 9200)
| Command      : report_methodology -file DeterminantMicroBlaze_wrapper_methodology_drc_routed.rpt -pb DeterminantMicroBlaze_wrapper_methodology_drc_routed.pb -rpx DeterminantMicroBlaze_wrapper_methodology_drc_routed.rpx
| Design       : DeterminantMicroBlaze_wrapper
| Device       : xc7a100tcsg324-1
| Speed File   : -1
| Design State : Fully Routed
-----------------------------------------------------------------------------------------------------------------------------------------------------------------------------------------------------------------------------

Report Methodology

Table of Contents
-----------------
1. REPORT SUMMARY
2. REPORT DETAILS

1. REPORT SUMMARY
-----------------
            Netlist: netlist
          Floorplan: design_1
      Design limits: <entire design considered>
             Max violations: <unlimited>
             Violations found: 440
+-----------+------------------+-------------------------------------------+------------+
| Rule      | Severity         | Description                               | Violations |
+-----------+------------------+-------------------------------------------+------------+
| TIMING-17 | Critical Warning | Non-clocked sequential cell               | 416        |
| TIMING-27 | Critical Warning | Invalid primary clock on hierarchical pin | 1          |
| LUTAR-1   | Warning          | LUT drives async reset alert              | 3          |
| TIMING-9  | Warning          | Unknown CDC Logic                         | 1          |
| TIMING-18 | Warning          | Missing input or output delay             | 19         |
+-----------+------------------+-------------------------------------------+------------+

2. REPORT DETAILS
-----------------
TIMING-17#1 Critical Warning
Non-clocked sequential cell  
The clock pin DeterminantMicroBlaze_i/DeterminantTopModule_0/inst/one/MatrixOut_reg[0]/C is not reached by a timing clock
Related violations: <none>

TIMING-17#2 Critical Warning
Non-clocked sequential cell  
The clock pin DeterminantMicroBlaze_i/DeterminantTopModule_0/inst/one/MatrixOut_reg[100]/C is not reached by a timing clock
Related violations: <none>

TIMING-17#3 Critical Warning
Non-clocked sequential cell  
The clock pin DeterminantMicroBlaze_i/DeterminantTopModule_0/inst/one/MatrixOut_reg[101]/C is not reached by a timing clock
Related violations: <none>

TIMING-17#4 Critical Warning
Non-clocked sequential cell  
The clock pin DeterminantMicroBlaze_i/DeterminantTopModule_0/inst/one/MatrixOut_reg[102]/C is not reached by a timing clock
Related violations: <none>

TIMING-17#5 Critical Warning
Non-clocked sequential cell  
The clock pin DeterminantMicroBlaze_i/DeterminantTopModule_0/inst/one/MatrixOut_reg[103]/C is not reached by a timing clock
Related violations: <none>

TIMING-17#6 Critical Warning
Non-clocked sequential cell  
The clock pin DeterminantMicroBlaze_i/DeterminantTopModule_0/inst/one/MatrixOut_reg[104]/C is not reached by a timing clock
Related violations: <none>

TIMING-17#7 Critical Warning
Non-clocked sequential cell  
The clock pin DeterminantMicroBlaze_i/DeterminantTopModule_0/inst/one/MatrixOut_reg[105]/C is not reached by a timing clock
Related violations: <none>

TIMING-17#8 Critical Warning
Non-clocked sequential cell  
The clock pin DeterminantMicroBlaze_i/DeterminantTopModule_0/inst/one/MatrixOut_reg[106]/C is not reached by a timing clock
Related violations: <none>

TIMING-17#9 Critical Warning
Non-clocked sequential cell  
The clock pin DeterminantMicroBlaze_i/DeterminantTopModule_0/inst/one/MatrixOut_reg[107]/C is not reached by a timing clock
Related violations: <none>

TIMING-17#10 Critical Warning
Non-clocked sequential cell  
The clock pin DeterminantMicroBlaze_i/DeterminantTopModule_0/inst/one/MatrixOut_reg[108]/C is not reached by a timing clock
Related violations: <none>

TIMING-17#11 Critical Warning
Non-clocked sequential cell  
The clock pin DeterminantMicroBlaze_i/DeterminantTopModule_0/inst/one/MatrixOut_reg[109]/C is not reached by a timing clock
Related violations: <none>

TIMING-17#12 Critical Warning
Non-clocked sequential cell  
The clock pin DeterminantMicroBlaze_i/DeterminantTopModule_0/inst/one/MatrixOut_reg[10]/C is not reached by a timing clock
Related violations: <none>

TIMING-17#13 Critical Warning
Non-clocked sequential cell  
The clock pin DeterminantMicroBlaze_i/DeterminantTopModule_0/inst/one/MatrixOut_reg[110]/C is not reached by a timing clock
Related violations: <none>

TIMING-17#14 Critical Warning
Non-clocked sequential cell  
The clock pin DeterminantMicroBlaze_i/DeterminantTopModule_0/inst/one/MatrixOut_reg[111]/C is not reached by a timing clock
Related violations: <none>

TIMING-17#15 Critical Warning
Non-clocked sequential cell  
The clock pin DeterminantMicroBlaze_i/DeterminantTopModule_0/inst/one/MatrixOut_reg[112]/C is not reached by a timing clock
Related violations: <none>

TIMING-17#16 Critical Warning
Non-clocked sequential cell  
The clock pin DeterminantMicroBlaze_i/DeterminantTopModule_0/inst/one/MatrixOut_reg[113]/C is not reached by a timing clock
Related violations: <none>

TIMING-17#17 Critical Warning
Non-clocked sequential cell  
The clock pin DeterminantMicroBlaze_i/DeterminantTopModule_0/inst/one/MatrixOut_reg[114]/C is not reached by a timing clock
Related violations: <none>

TIMING-17#18 Critical Warning
Non-clocked sequential cell  
The clock pin DeterminantMicroBlaze_i/DeterminantTopModule_0/inst/one/MatrixOut_reg[115]/C is not reached by a timing clock
Related violations: <none>

TIMING-17#19 Critical Warning
Non-clocked sequential cell  
The clock pin DeterminantMicroBlaze_i/DeterminantTopModule_0/inst/one/MatrixOut_reg[116]/C is not reached by a timing clock
Related violations: <none>

TIMING-17#20 Critical Warning
Non-clocked sequential cell  
The clock pin DeterminantMicroBlaze_i/DeterminantTopModule_0/inst/one/MatrixOut_reg[117]/C is not reached by a timing clock
Related violations: <none>

TIMING-17#21 Critical Warning
Non-clocked sequential cell  
The clock pin DeterminantMicroBlaze_i/DeterminantTopModule_0/inst/one/MatrixOut_reg[118]/C is not reached by a timing clock
Related violations: <none>

TIMING-17#22 Critical Warning
Non-clocked sequential cell  
The clock pin DeterminantMicroBlaze_i/DeterminantTopModule_0/inst/one/MatrixOut_reg[119]/C is not reached by a timing clock
Related violations: <none>

TIMING-17#23 Critical Warning
Non-clocked sequential cell  
The clock pin DeterminantMicroBlaze_i/DeterminantTopModule_0/inst/one/MatrixOut_reg[11]/C is not reached by a timing clock
Related violations: <none>

TIMING-17#24 Critical Warning
Non-clocked sequential cell  
The clock pin DeterminantMicroBlaze_i/DeterminantTopModule_0/inst/one/MatrixOut_reg[120]/C is not reached by a timing clock
Related violations: <none>

TIMING-17#25 Critical Warning
Non-clocked sequential cell  
The clock pin DeterminantMicroBlaze_i/DeterminantTopModule_0/inst/one/MatrixOut_reg[121]/C is not reached by a timing clock
Related violations: <none>

TIMING-17#26 Critical Warning
Non-clocked sequential cell  
The clock pin DeterminantMicroBlaze_i/DeterminantTopModule_0/inst/one/MatrixOut_reg[122]/C is not reached by a timing clock
Related violations: <none>

TIMING-17#27 Critical Warning
Non-clocked sequential cell  
The clock pin DeterminantMicroBlaze_i/DeterminantTopModule_0/inst/one/MatrixOut_reg[123]/C is not reached by a timing clock
Related violations: <none>

TIMING-17#28 Critical Warning
Non-clocked sequential cell  
The clock pin DeterminantMicroBlaze_i/DeterminantTopModule_0/inst/one/MatrixOut_reg[124]/C is not reached by a timing clock
Related violations: <none>

TIMING-17#29 Critical Warning
Non-clocked sequential cell  
The clock pin DeterminantMicroBlaze_i/DeterminantTopModule_0/inst/one/MatrixOut_reg[125]/C is not reached by a timing clock
Related violations: <none>

TIMING-17#30 Critical Warning
Non-clocked sequential cell  
The clock pin DeterminantMicroBlaze_i/DeterminantTopModule_0/inst/one/MatrixOut_reg[126]/C is not reached by a timing clock
Related violations: <none>

TIMING-17#31 Critical Warning
Non-clocked sequential cell  
The clock pin DeterminantMicroBlaze_i/DeterminantTopModule_0/inst/one/MatrixOut_reg[127]/C is not reached by a timing clock
Related violations: <none>

TIMING-17#32 Critical Warning
Non-clocked sequential cell  
The clock pin DeterminantMicroBlaze_i/DeterminantTopModule_0/inst/one/MatrixOut_reg[128]/C is not reached by a timing clock
Related violations: <none>

TIMING-17#33 Critical Warning
Non-clocked sequential cell  
The clock pin DeterminantMicroBlaze_i/DeterminantTopModule_0/inst/one/MatrixOut_reg[129]/C is not reached by a timing clock
Related violations: <none>

TIMING-17#34 Critical Warning
Non-clocked sequential cell  
The clock pin DeterminantMicroBlaze_i/DeterminantTopModule_0/inst/one/MatrixOut_reg[12]/C is not reached by a timing clock
Related violations: <none>

TIMING-17#35 Critical Warning
Non-clocked sequential cell  
The clock pin DeterminantMicroBlaze_i/DeterminantTopModule_0/inst/one/MatrixOut_reg[130]/C is not reached by a timing clock
Related violations: <none>

TIMING-17#36 Critical Warning
Non-clocked sequential cell  
The clock pin DeterminantMicroBlaze_i/DeterminantTopModule_0/inst/one/MatrixOut_reg[131]/C is not reached by a timing clock
Related violations: <none>

TIMING-17#37 Critical Warning
Non-clocked sequential cell  
The clock pin DeterminantMicroBlaze_i/DeterminantTopModule_0/inst/one/MatrixOut_reg[132]/C is not reached by a timing clock
Related violations: <none>

TIMING-17#38 Critical Warning
Non-clocked sequential cell  
The clock pin DeterminantMicroBlaze_i/DeterminantTopModule_0/inst/one/MatrixOut_reg[133]/C is not reached by a timing clock
Related violations: <none>

TIMING-17#39 Critical Warning
Non-clocked sequential cell  
The clock pin DeterminantMicroBlaze_i/DeterminantTopModule_0/inst/one/MatrixOut_reg[134]/C is not reached by a timing clock
Related violations: <none>

TIMING-17#40 Critical Warning
Non-clocked sequential cell  
The clock pin DeterminantMicroBlaze_i/DeterminantTopModule_0/inst/one/MatrixOut_reg[135]/C is not reached by a timing clock
Related violations: <none>

TIMING-17#41 Critical Warning
Non-clocked sequential cell  
The clock pin DeterminantMicroBlaze_i/DeterminantTopModule_0/inst/one/MatrixOut_reg[136]/C is not reached by a timing clock
Related violations: <none>

TIMING-17#42 Critical Warning
Non-clocked sequential cell  
The clock pin DeterminantMicroBlaze_i/DeterminantTopModule_0/inst/one/MatrixOut_reg[137]/C is not reached by a timing clock
Related violations: <none>

TIMING-17#43 Critical Warning
Non-clocked sequential cell  
The clock pin DeterminantMicroBlaze_i/DeterminantTopModule_0/inst/one/MatrixOut_reg[138]/C is not reached by a timing clock
Related violations: <none>

TIMING-17#44 Critical Warning
Non-clocked sequential cell  
The clock pin DeterminantMicroBlaze_i/DeterminantTopModule_0/inst/one/MatrixOut_reg[139]/C is not reached by a timing clock
Related violations: <none>

TIMING-17#45 Critical Warning
Non-clocked sequential cell  
The clock pin DeterminantMicroBlaze_i/DeterminantTopModule_0/inst/one/MatrixOut_reg[13]/C is not reached by a timing clock
Related violations: <none>

TIMING-17#46 Critical Warning
Non-clocked sequential cell  
The clock pin DeterminantMicroBlaze_i/DeterminantTopModule_0/inst/one/MatrixOut_reg[140]/C is not reached by a timing clock
Related violations: <none>

TIMING-17#47 Critical Warning
Non-clocked sequential cell  
The clock pin DeterminantMicroBlaze_i/DeterminantTopModule_0/inst/one/MatrixOut_reg[141]/C is not reached by a timing clock
Related violations: <none>

TIMING-17#48 Critical Warning
Non-clocked sequential cell  
The clock pin DeterminantMicroBlaze_i/DeterminantTopModule_0/inst/one/MatrixOut_reg[142]/C is not reached by a timing clock
Related violations: <none>

TIMING-17#49 Critical Warning
Non-clocked sequential cell  
The clock pin DeterminantMicroBlaze_i/DeterminantTopModule_0/inst/one/MatrixOut_reg[143]/C is not reached by a timing clock
Related violations: <none>

TIMING-17#50 Critical Warning
Non-clocked sequential cell  
The clock pin DeterminantMicroBlaze_i/DeterminantTopModule_0/inst/one/MatrixOut_reg[144]/C is not reached by a timing clock
Related violations: <none>

TIMING-17#51 Critical Warning
Non-clocked sequential cell  
The clock pin DeterminantMicroBlaze_i/DeterminantTopModule_0/inst/one/MatrixOut_reg[145]/C is not reached by a timing clock
Related violations: <none>

TIMING-17#52 Critical Warning
Non-clocked sequential cell  
The clock pin DeterminantMicroBlaze_i/DeterminantTopModule_0/inst/one/MatrixOut_reg[146]/C is not reached by a timing clock
Related violations: <none>

TIMING-17#53 Critical Warning
Non-clocked sequential cell  
The clock pin DeterminantMicroBlaze_i/DeterminantTopModule_0/inst/one/MatrixOut_reg[147]/C is not reached by a timing clock
Related violations: <none>

TIMING-17#54 Critical Warning
Non-clocked sequential cell  
The clock pin DeterminantMicroBlaze_i/DeterminantTopModule_0/inst/one/MatrixOut_reg[148]/C is not reached by a timing clock
Related violations: <none>

TIMING-17#55 Critical Warning
Non-clocked sequential cell  
The clock pin DeterminantMicroBlaze_i/DeterminantTopModule_0/inst/one/MatrixOut_reg[149]/C is not reached by a timing clock
Related violations: <none>

TIMING-17#56 Critical Warning
Non-clocked sequential cell  
The clock pin DeterminantMicroBlaze_i/DeterminantTopModule_0/inst/one/MatrixOut_reg[14]/C is not reached by a timing clock
Related violations: <none>

TIMING-17#57 Critical Warning
Non-clocked sequential cell  
The clock pin DeterminantMicroBlaze_i/DeterminantTopModule_0/inst/one/MatrixOut_reg[150]/C is not reached by a timing clock
Related violations: <none>

TIMING-17#58 Critical Warning
Non-clocked sequential cell  
The clock pin DeterminantMicroBlaze_i/DeterminantTopModule_0/inst/one/MatrixOut_reg[151]/C is not reached by a timing clock
Related violations: <none>

TIMING-17#59 Critical Warning
Non-clocked sequential cell  
The clock pin DeterminantMicroBlaze_i/DeterminantTopModule_0/inst/one/MatrixOut_reg[152]/C is not reached by a timing clock
Related violations: <none>

TIMING-17#60 Critical Warning
Non-clocked sequential cell  
The clock pin DeterminantMicroBlaze_i/DeterminantTopModule_0/inst/one/MatrixOut_reg[153]/C is not reached by a timing clock
Related violations: <none>

TIMING-17#61 Critical Warning
Non-clocked sequential cell  
The clock pin DeterminantMicroBlaze_i/DeterminantTopModule_0/inst/one/MatrixOut_reg[154]/C is not reached by a timing clock
Related violations: <none>

TIMING-17#62 Critical Warning
Non-clocked sequential cell  
The clock pin DeterminantMicroBlaze_i/DeterminantTopModule_0/inst/one/MatrixOut_reg[155]/C is not reached by a timing clock
Related violations: <none>

TIMING-17#63 Critical Warning
Non-clocked sequential cell  
The clock pin DeterminantMicroBlaze_i/DeterminantTopModule_0/inst/one/MatrixOut_reg[156]/C is not reached by a timing clock
Related violations: <none>

TIMING-17#64 Critical Warning
Non-clocked sequential cell  
The clock pin DeterminantMicroBlaze_i/DeterminantTopModule_0/inst/one/MatrixOut_reg[157]/C is not reached by a timing clock
Related violations: <none>

TIMING-17#65 Critical Warning
Non-clocked sequential cell  
The clock pin DeterminantMicroBlaze_i/DeterminantTopModule_0/inst/one/MatrixOut_reg[158]/C is not reached by a timing clock
Related violations: <none>

TIMING-17#66 Critical Warning
Non-clocked sequential cell  
The clock pin DeterminantMicroBlaze_i/DeterminantTopModule_0/inst/one/MatrixOut_reg[159]/C is not reached by a timing clock
Related violations: <none>

TIMING-17#67 Critical Warning
Non-clocked sequential cell  
The clock pin DeterminantMicroBlaze_i/DeterminantTopModule_0/inst/one/MatrixOut_reg[15]/C is not reached by a timing clock
Related violations: <none>

TIMING-17#68 Critical Warning
Non-clocked sequential cell  
The clock pin DeterminantMicroBlaze_i/DeterminantTopModule_0/inst/one/MatrixOut_reg[160]/C is not reached by a timing clock
Related violations: <none>

TIMING-17#69 Critical Warning
Non-clocked sequential cell  
The clock pin DeterminantMicroBlaze_i/DeterminantTopModule_0/inst/one/MatrixOut_reg[161]/C is not reached by a timing clock
Related violations: <none>

TIMING-17#70 Critical Warning
Non-clocked sequential cell  
The clock pin DeterminantMicroBlaze_i/DeterminantTopModule_0/inst/one/MatrixOut_reg[162]/C is not reached by a timing clock
Related violations: <none>

TIMING-17#71 Critical Warning
Non-clocked sequential cell  
The clock pin DeterminantMicroBlaze_i/DeterminantTopModule_0/inst/one/MatrixOut_reg[163]/C is not reached by a timing clock
Related violations: <none>

TIMING-17#72 Critical Warning
Non-clocked sequential cell  
The clock pin DeterminantMicroBlaze_i/DeterminantTopModule_0/inst/one/MatrixOut_reg[164]/C is not reached by a timing clock
Related violations: <none>

TIMING-17#73 Critical Warning
Non-clocked sequential cell  
The clock pin DeterminantMicroBlaze_i/DeterminantTopModule_0/inst/one/MatrixOut_reg[165]/C is not reached by a timing clock
Related violations: <none>

TIMING-17#74 Critical Warning
Non-clocked sequential cell  
The clock pin DeterminantMicroBlaze_i/DeterminantTopModule_0/inst/one/MatrixOut_reg[166]/C is not reached by a timing clock
Related violations: <none>

TIMING-17#75 Critical Warning
Non-clocked sequential cell  
The clock pin DeterminantMicroBlaze_i/DeterminantTopModule_0/inst/one/MatrixOut_reg[167]/C is not reached by a timing clock
Related violations: <none>

TIMING-17#76 Critical Warning
Non-clocked sequential cell  
The clock pin DeterminantMicroBlaze_i/DeterminantTopModule_0/inst/one/MatrixOut_reg[168]/C is not reached by a timing clock
Related violations: <none>

TIMING-17#77 Critical Warning
Non-clocked sequential cell  
The clock pin DeterminantMicroBlaze_i/DeterminantTopModule_0/inst/one/MatrixOut_reg[169]/C is not reached by a timing clock
Related violations: <none>

TIMING-17#78 Critical Warning
Non-clocked sequential cell  
The clock pin DeterminantMicroBlaze_i/DeterminantTopModule_0/inst/one/MatrixOut_reg[16]/C is not reached by a timing clock
Related violations: <none>

TIMING-17#79 Critical Warning
Non-clocked sequential cell  
The clock pin DeterminantMicroBlaze_i/DeterminantTopModule_0/inst/one/MatrixOut_reg[170]/C is not reached by a timing clock
Related violations: <none>

TIMING-17#80 Critical Warning
Non-clocked sequential cell  
The clock pin DeterminantMicroBlaze_i/DeterminantTopModule_0/inst/one/MatrixOut_reg[171]/C is not reached by a timing clock
Related violations: <none>

TIMING-17#81 Critical Warning
Non-clocked sequential cell  
The clock pin DeterminantMicroBlaze_i/DeterminantTopModule_0/inst/one/MatrixOut_reg[172]/C is not reached by a timing clock
Related violations: <none>

TIMING-17#82 Critical Warning
Non-clocked sequential cell  
The clock pin DeterminantMicroBlaze_i/DeterminantTopModule_0/inst/one/MatrixOut_reg[173]/C is not reached by a timing clock
Related violations: <none>

TIMING-17#83 Critical Warning
Non-clocked sequential cell  
The clock pin DeterminantMicroBlaze_i/DeterminantTopModule_0/inst/one/MatrixOut_reg[174]/C is not reached by a timing clock
Related violations: <none>

TIMING-17#84 Critical Warning
Non-clocked sequential cell  
The clock pin DeterminantMicroBlaze_i/DeterminantTopModule_0/inst/one/MatrixOut_reg[175]/C is not reached by a timing clock
Related violations: <none>

TIMING-17#85 Critical Warning
Non-clocked sequential cell  
The clock pin DeterminantMicroBlaze_i/DeterminantTopModule_0/inst/one/MatrixOut_reg[176]/C is not reached by a timing clock
Related violations: <none>

TIMING-17#86 Critical Warning
Non-clocked sequential cell  
The clock pin DeterminantMicroBlaze_i/DeterminantTopModule_0/inst/one/MatrixOut_reg[177]/C is not reached by a timing clock
Related violations: <none>

TIMING-17#87 Critical Warning
Non-clocked sequential cell  
The clock pin DeterminantMicroBlaze_i/DeterminantTopModule_0/inst/one/MatrixOut_reg[178]/C is not reached by a timing clock
Related violations: <none>

TIMING-17#88 Critical Warning
Non-clocked sequential cell  
The clock pin DeterminantMicroBlaze_i/DeterminantTopModule_0/inst/one/MatrixOut_reg[179]/C is not reached by a timing clock
Related violations: <none>

TIMING-17#89 Critical Warning
Non-clocked sequential cell  
The clock pin DeterminantMicroBlaze_i/DeterminantTopModule_0/inst/one/MatrixOut_reg[17]/C is not reached by a timing clock
Related violations: <none>

TIMING-17#90 Critical Warning
Non-clocked sequential cell  
The clock pin DeterminantMicroBlaze_i/DeterminantTopModule_0/inst/one/MatrixOut_reg[180]/C is not reached by a timing clock
Related violations: <none>

TIMING-17#91 Critical Warning
Non-clocked sequential cell  
The clock pin DeterminantMicroBlaze_i/DeterminantTopModule_0/inst/one/MatrixOut_reg[181]/C is not reached by a timing clock
Related violations: <none>

TIMING-17#92 Critical Warning
Non-clocked sequential cell  
The clock pin DeterminantMicroBlaze_i/DeterminantTopModule_0/inst/one/MatrixOut_reg[182]/C is not reached by a timing clock
Related violations: <none>

TIMING-17#93 Critical Warning
Non-clocked sequential cell  
The clock pin DeterminantMicroBlaze_i/DeterminantTopModule_0/inst/one/MatrixOut_reg[183]/C is not reached by a timing clock
Related violations: <none>

TIMING-17#94 Critical Warning
Non-clocked sequential cell  
The clock pin DeterminantMicroBlaze_i/DeterminantTopModule_0/inst/one/MatrixOut_reg[184]/C is not reached by a timing clock
Related violations: <none>

TIMING-17#95 Critical Warning
Non-clocked sequential cell  
The clock pin DeterminantMicroBlaze_i/DeterminantTopModule_0/inst/one/MatrixOut_reg[185]/C is not reached by a timing clock
Related violations: <none>

TIMING-17#96 Critical Warning
Non-clocked sequential cell  
The clock pin DeterminantMicroBlaze_i/DeterminantTopModule_0/inst/one/MatrixOut_reg[186]/C is not reached by a timing clock
Related violations: <none>

TIMING-17#97 Critical Warning
Non-clocked sequential cell  
The clock pin DeterminantMicroBlaze_i/DeterminantTopModule_0/inst/one/MatrixOut_reg[187]/C is not reached by a timing clock
Related violations: <none>

TIMING-17#98 Critical Warning
Non-clocked sequential cell  
The clock pin DeterminantMicroBlaze_i/DeterminantTopModule_0/inst/one/MatrixOut_reg[188]/C is not reached by a timing clock
Related violations: <none>

TIMING-17#99 Critical Warning
Non-clocked sequential cell  
The clock pin DeterminantMicroBlaze_i/DeterminantTopModule_0/inst/one/MatrixOut_reg[189]/C is not reached by a timing clock
Related violations: <none>

TIMING-17#100 Critical Warning
Non-clocked sequential cell  
The clock pin DeterminantMicroBlaze_i/DeterminantTopModule_0/inst/one/MatrixOut_reg[18]/C is not reached by a timing clock
Related violations: <none>

TIMING-17#101 Critical Warning
Non-clocked sequential cell  
The clock pin DeterminantMicroBlaze_i/DeterminantTopModule_0/inst/one/MatrixOut_reg[190]/C is not reached by a timing clock
Related violations: <none>

TIMING-17#102 Critical Warning
Non-clocked sequential cell  
The clock pin DeterminantMicroBlaze_i/DeterminantTopModule_0/inst/one/MatrixOut_reg[191]/C is not reached by a timing clock
Related violations: <none>

TIMING-17#103 Critical Warning
Non-clocked sequential cell  
The clock pin DeterminantMicroBlaze_i/DeterminantTopModule_0/inst/one/MatrixOut_reg[192]/C is not reached by a timing clock
Related violations: <none>

TIMING-17#104 Critical Warning
Non-clocked sequential cell  
The clock pin DeterminantMicroBlaze_i/DeterminantTopModule_0/inst/one/MatrixOut_reg[193]/C is not reached by a timing clock
Related violations: <none>

TIMING-17#105 Critical Warning
Non-clocked sequential cell  
The clock pin DeterminantMicroBlaze_i/DeterminantTopModule_0/inst/one/MatrixOut_reg[194]/C is not reached by a timing clock
Related violations: <none>

TIMING-17#106 Critical Warning
Non-clocked sequential cell  
The clock pin DeterminantMicroBlaze_i/DeterminantTopModule_0/inst/one/MatrixOut_reg[195]/C is not reached by a timing clock
Related violations: <none>

TIMING-17#107 Critical Warning
Non-clocked sequential cell  
The clock pin DeterminantMicroBlaze_i/DeterminantTopModule_0/inst/one/MatrixOut_reg[196]/C is not reached by a timing clock
Related violations: <none>

TIMING-17#108 Critical Warning
Non-clocked sequential cell  
The clock pin DeterminantMicroBlaze_i/DeterminantTopModule_0/inst/one/MatrixOut_reg[197]/C is not reached by a timing clock
Related violations: <none>

TIMING-17#109 Critical Warning
Non-clocked sequential cell  
The clock pin DeterminantMicroBlaze_i/DeterminantTopModule_0/inst/one/MatrixOut_reg[198]/C is not reached by a timing clock
Related violations: <none>

TIMING-17#110 Critical Warning
Non-clocked sequential cell  
The clock pin DeterminantMicroBlaze_i/DeterminantTopModule_0/inst/one/MatrixOut_reg[199]/C is not reached by a timing clock
Related violations: <none>

TIMING-17#111 Critical Warning
Non-clocked sequential cell  
The clock pin DeterminantMicroBlaze_i/DeterminantTopModule_0/inst/one/MatrixOut_reg[19]/C is not reached by a timing clock
Related violations: <none>

TIMING-17#112 Critical Warning
Non-clocked sequential cell  
The clock pin DeterminantMicroBlaze_i/DeterminantTopModule_0/inst/one/MatrixOut_reg[1]/C is not reached by a timing clock
Related violations: <none>

TIMING-17#113 Critical Warning
Non-clocked sequential cell  
The clock pin DeterminantMicroBlaze_i/DeterminantTopModule_0/inst/one/MatrixOut_reg[200]/C is not reached by a timing clock
Related violations: <none>

TIMING-17#114 Critical Warning
Non-clocked sequential cell  
The clock pin DeterminantMicroBlaze_i/DeterminantTopModule_0/inst/one/MatrixOut_reg[201]/C is not reached by a timing clock
Related violations: <none>

TIMING-17#115 Critical Warning
Non-clocked sequential cell  
The clock pin DeterminantMicroBlaze_i/DeterminantTopModule_0/inst/one/MatrixOut_reg[202]/C is not reached by a timing clock
Related violations: <none>

TIMING-17#116 Critical Warning
Non-clocked sequential cell  
The clock pin DeterminantMicroBlaze_i/DeterminantTopModule_0/inst/one/MatrixOut_reg[203]/C is not reached by a timing clock
Related violations: <none>

TIMING-17#117 Critical Warning
Non-clocked sequential cell  
The clock pin DeterminantMicroBlaze_i/DeterminantTopModule_0/inst/one/MatrixOut_reg[204]/C is not reached by a timing clock
Related violations: <none>

TIMING-17#118 Critical Warning
Non-clocked sequential cell  
The clock pin DeterminantMicroBlaze_i/DeterminantTopModule_0/inst/one/MatrixOut_reg[205]/C is not reached by a timing clock
Related violations: <none>

TIMING-17#119 Critical Warning
Non-clocked sequential cell  
The clock pin DeterminantMicroBlaze_i/DeterminantTopModule_0/inst/one/MatrixOut_reg[206]/C is not reached by a timing clock
Related violations: <none>

TIMING-17#120 Critical Warning
Non-clocked sequential cell  
The clock pin DeterminantMicroBlaze_i/DeterminantTopModule_0/inst/one/MatrixOut_reg[207]/C is not reached by a timing clock
Related violations: <none>

TIMING-17#121 Critical Warning
Non-clocked sequential cell  
The clock pin DeterminantMicroBlaze_i/DeterminantTopModule_0/inst/one/MatrixOut_reg[208]/C is not reached by a timing clock
Related violations: <none>

TIMING-17#122 Critical Warning
Non-clocked sequential cell  
The clock pin DeterminantMicroBlaze_i/DeterminantTopModule_0/inst/one/MatrixOut_reg[209]/C is not reached by a timing clock
Related violations: <none>

TIMING-17#123 Critical Warning
Non-clocked sequential cell  
The clock pin DeterminantMicroBlaze_i/DeterminantTopModule_0/inst/one/MatrixOut_reg[20]/C is not reached by a timing clock
Related violations: <none>

TIMING-17#124 Critical Warning
Non-clocked sequential cell  
The clock pin DeterminantMicroBlaze_i/DeterminantTopModule_0/inst/one/MatrixOut_reg[210]/C is not reached by a timing clock
Related violations: <none>

TIMING-17#125 Critical Warning
Non-clocked sequential cell  
The clock pin DeterminantMicroBlaze_i/DeterminantTopModule_0/inst/one/MatrixOut_reg[211]/C is not reached by a timing clock
Related violations: <none>

TIMING-17#126 Critical Warning
Non-clocked sequential cell  
The clock pin DeterminantMicroBlaze_i/DeterminantTopModule_0/inst/one/MatrixOut_reg[212]/C is not reached by a timing clock
Related violations: <none>

TIMING-17#127 Critical Warning
Non-clocked sequential cell  
The clock pin DeterminantMicroBlaze_i/DeterminantTopModule_0/inst/one/MatrixOut_reg[213]/C is not reached by a timing clock
Related violations: <none>

TIMING-17#128 Critical Warning
Non-clocked sequential cell  
The clock pin DeterminantMicroBlaze_i/DeterminantTopModule_0/inst/one/MatrixOut_reg[214]/C is not reached by a timing clock
Related violations: <none>

TIMING-17#129 Critical Warning
Non-clocked sequential cell  
The clock pin DeterminantMicroBlaze_i/DeterminantTopModule_0/inst/one/MatrixOut_reg[215]/C is not reached by a timing clock
Related violations: <none>

TIMING-17#130 Critical Warning
Non-clocked sequential cell  
The clock pin DeterminantMicroBlaze_i/DeterminantTopModule_0/inst/one/MatrixOut_reg[216]/C is not reached by a timing clock
Related violations: <none>

TIMING-17#131 Critical Warning
Non-clocked sequential cell  
The clock pin DeterminantMicroBlaze_i/DeterminantTopModule_0/inst/one/MatrixOut_reg[217]/C is not reached by a timing clock
Related violations: <none>

TIMING-17#132 Critical Warning
Non-clocked sequential cell  
The clock pin DeterminantMicroBlaze_i/DeterminantTopModule_0/inst/one/MatrixOut_reg[218]/C is not reached by a timing clock
Related violations: <none>

TIMING-17#133 Critical Warning
Non-clocked sequential cell  
The clock pin DeterminantMicroBlaze_i/DeterminantTopModule_0/inst/one/MatrixOut_reg[219]/C is not reached by a timing clock
Related violations: <none>

TIMING-17#134 Critical Warning
Non-clocked sequential cell  
The clock pin DeterminantMicroBlaze_i/DeterminantTopModule_0/inst/one/MatrixOut_reg[21]/C is not reached by a timing clock
Related violations: <none>

TIMING-17#135 Critical Warning
Non-clocked sequential cell  
The clock pin DeterminantMicroBlaze_i/DeterminantTopModule_0/inst/one/MatrixOut_reg[220]/C is not reached by a timing clock
Related violations: <none>

TIMING-17#136 Critical Warning
Non-clocked sequential cell  
The clock pin DeterminantMicroBlaze_i/DeterminantTopModule_0/inst/one/MatrixOut_reg[221]/C is not reached by a timing clock
Related violations: <none>

TIMING-17#137 Critical Warning
Non-clocked sequential cell  
The clock pin DeterminantMicroBlaze_i/DeterminantTopModule_0/inst/one/MatrixOut_reg[222]/C is not reached by a timing clock
Related violations: <none>

TIMING-17#138 Critical Warning
Non-clocked sequential cell  
The clock pin DeterminantMicroBlaze_i/DeterminantTopModule_0/inst/one/MatrixOut_reg[223]/C is not reached by a timing clock
Related violations: <none>

TIMING-17#139 Critical Warning
Non-clocked sequential cell  
The clock pin DeterminantMicroBlaze_i/DeterminantTopModule_0/inst/one/MatrixOut_reg[224]/C is not reached by a timing clock
Related violations: <none>

TIMING-17#140 Critical Warning
Non-clocked sequential cell  
The clock pin DeterminantMicroBlaze_i/DeterminantTopModule_0/inst/one/MatrixOut_reg[225]/C is not reached by a timing clock
Related violations: <none>

TIMING-17#141 Critical Warning
Non-clocked sequential cell  
The clock pin DeterminantMicroBlaze_i/DeterminantTopModule_0/inst/one/MatrixOut_reg[226]/C is not reached by a timing clock
Related violations: <none>

TIMING-17#142 Critical Warning
Non-clocked sequential cell  
The clock pin DeterminantMicroBlaze_i/DeterminantTopModule_0/inst/one/MatrixOut_reg[227]/C is not reached by a timing clock
Related violations: <none>

TIMING-17#143 Critical Warning
Non-clocked sequential cell  
The clock pin DeterminantMicroBlaze_i/DeterminantTopModule_0/inst/one/MatrixOut_reg[228]/C is not reached by a timing clock
Related violations: <none>

TIMING-17#144 Critical Warning
Non-clocked sequential cell  
The clock pin DeterminantMicroBlaze_i/DeterminantTopModule_0/inst/one/MatrixOut_reg[229]/C is not reached by a timing clock
Related violations: <none>

TIMING-17#145 Critical Warning
Non-clocked sequential cell  
The clock pin DeterminantMicroBlaze_i/DeterminantTopModule_0/inst/one/MatrixOut_reg[22]/C is not reached by a timing clock
Related violations: <none>

TIMING-17#146 Critical Warning
Non-clocked sequential cell  
The clock pin DeterminantMicroBlaze_i/DeterminantTopModule_0/inst/one/MatrixOut_reg[230]/C is not reached by a timing clock
Related violations: <none>

TIMING-17#147 Critical Warning
Non-clocked sequential cell  
The clock pin DeterminantMicroBlaze_i/DeterminantTopModule_0/inst/one/MatrixOut_reg[231]/C is not reached by a timing clock
Related violations: <none>

TIMING-17#148 Critical Warning
Non-clocked sequential cell  
The clock pin DeterminantMicroBlaze_i/DeterminantTopModule_0/inst/one/MatrixOut_reg[232]/C is not reached by a timing clock
Related violations: <none>

TIMING-17#149 Critical Warning
Non-clocked sequential cell  
The clock pin DeterminantMicroBlaze_i/DeterminantTopModule_0/inst/one/MatrixOut_reg[233]/C is not reached by a timing clock
Related violations: <none>

TIMING-17#150 Critical Warning
Non-clocked sequential cell  
The clock pin DeterminantMicroBlaze_i/DeterminantTopModule_0/inst/one/MatrixOut_reg[234]/C is not reached by a timing clock
Related violations: <none>

TIMING-17#151 Critical Warning
Non-clocked sequential cell  
The clock pin DeterminantMicroBlaze_i/DeterminantTopModule_0/inst/one/MatrixOut_reg[235]/C is not reached by a timing clock
Related violations: <none>

TIMING-17#152 Critical Warning
Non-clocked sequential cell  
The clock pin DeterminantMicroBlaze_i/DeterminantTopModule_0/inst/one/MatrixOut_reg[236]/C is not reached by a timing clock
Related violations: <none>

TIMING-17#153 Critical Warning
Non-clocked sequential cell  
The clock pin DeterminantMicroBlaze_i/DeterminantTopModule_0/inst/one/MatrixOut_reg[237]/C is not reached by a timing clock
Related violations: <none>

TIMING-17#154 Critical Warning
Non-clocked sequential cell  
The clock pin DeterminantMicroBlaze_i/DeterminantTopModule_0/inst/one/MatrixOut_reg[238]/C is not reached by a timing clock
Related violations: <none>

TIMING-17#155 Critical Warning
Non-clocked sequential cell  
The clock pin DeterminantMicroBlaze_i/DeterminantTopModule_0/inst/one/MatrixOut_reg[239]/C is not reached by a timing clock
Related violations: <none>

TIMING-17#156 Critical Warning
Non-clocked sequential cell  
The clock pin DeterminantMicroBlaze_i/DeterminantTopModule_0/inst/one/MatrixOut_reg[23]/C is not reached by a timing clock
Related violations: <none>

TIMING-17#157 Critical Warning
Non-clocked sequential cell  
The clock pin DeterminantMicroBlaze_i/DeterminantTopModule_0/inst/one/MatrixOut_reg[240]/C is not reached by a timing clock
Related violations: <none>

TIMING-17#158 Critical Warning
Non-clocked sequential cell  
The clock pin DeterminantMicroBlaze_i/DeterminantTopModule_0/inst/one/MatrixOut_reg[241]/C is not reached by a timing clock
Related violations: <none>

TIMING-17#159 Critical Warning
Non-clocked sequential cell  
The clock pin DeterminantMicroBlaze_i/DeterminantTopModule_0/inst/one/MatrixOut_reg[242]/C is not reached by a timing clock
Related violations: <none>

TIMING-17#160 Critical Warning
Non-clocked sequential cell  
The clock pin DeterminantMicroBlaze_i/DeterminantTopModule_0/inst/one/MatrixOut_reg[243]/C is not reached by a timing clock
Related violations: <none>

TIMING-17#161 Critical Warning
Non-clocked sequential cell  
The clock pin DeterminantMicroBlaze_i/DeterminantTopModule_0/inst/one/MatrixOut_reg[244]/C is not reached by a timing clock
Related violations: <none>

TIMING-17#162 Critical Warning
Non-clocked sequential cell  
The clock pin DeterminantMicroBlaze_i/DeterminantTopModule_0/inst/one/MatrixOut_reg[245]/C is not reached by a timing clock
Related violations: <none>

TIMING-17#163 Critical Warning
Non-clocked sequential cell  
The clock pin DeterminantMicroBlaze_i/DeterminantTopModule_0/inst/one/MatrixOut_reg[246]/C is not reached by a timing clock
Related violations: <none>

TIMING-17#164 Critical Warning
Non-clocked sequential cell  
The clock pin DeterminantMicroBlaze_i/DeterminantTopModule_0/inst/one/MatrixOut_reg[247]/C is not reached by a timing clock
Related violations: <none>

TIMING-17#165 Critical Warning
Non-clocked sequential cell  
The clock pin DeterminantMicroBlaze_i/DeterminantTopModule_0/inst/one/MatrixOut_reg[248]/C is not reached by a timing clock
Related violations: <none>

TIMING-17#166 Critical Warning
Non-clocked sequential cell  
The clock pin DeterminantMicroBlaze_i/DeterminantTopModule_0/inst/one/MatrixOut_reg[249]/C is not reached by a timing clock
Related violations: <none>

TIMING-17#167 Critical Warning
Non-clocked sequential cell  
The clock pin DeterminantMicroBlaze_i/DeterminantTopModule_0/inst/one/MatrixOut_reg[24]/C is not reached by a timing clock
Related violations: <none>

TIMING-17#168 Critical Warning
Non-clocked sequential cell  
The clock pin DeterminantMicroBlaze_i/DeterminantTopModule_0/inst/one/MatrixOut_reg[250]/C is not reached by a timing clock
Related violations: <none>

TIMING-17#169 Critical Warning
Non-clocked sequential cell  
The clock pin DeterminantMicroBlaze_i/DeterminantTopModule_0/inst/one/MatrixOut_reg[251]/C is not reached by a timing clock
Related violations: <none>

TIMING-17#170 Critical Warning
Non-clocked sequential cell  
The clock pin DeterminantMicroBlaze_i/DeterminantTopModule_0/inst/one/MatrixOut_reg[252]/C is not reached by a timing clock
Related violations: <none>

TIMING-17#171 Critical Warning
Non-clocked sequential cell  
The clock pin DeterminantMicroBlaze_i/DeterminantTopModule_0/inst/one/MatrixOut_reg[253]/C is not reached by a timing clock
Related violations: <none>

TIMING-17#172 Critical Warning
Non-clocked sequential cell  
The clock pin DeterminantMicroBlaze_i/DeterminantTopModule_0/inst/one/MatrixOut_reg[254]/C is not reached by a timing clock
Related violations: <none>

TIMING-17#173 Critical Warning
Non-clocked sequential cell  
The clock pin DeterminantMicroBlaze_i/DeterminantTopModule_0/inst/one/MatrixOut_reg[255]/C is not reached by a timing clock
Related violations: <none>

TIMING-17#174 Critical Warning
Non-clocked sequential cell  
The clock pin DeterminantMicroBlaze_i/DeterminantTopModule_0/inst/one/MatrixOut_reg[256]/C is not reached by a timing clock
Related violations: <none>

TIMING-17#175 Critical Warning
Non-clocked sequential cell  
The clock pin DeterminantMicroBlaze_i/DeterminantTopModule_0/inst/one/MatrixOut_reg[257]/C is not reached by a timing clock
Related violations: <none>

TIMING-17#176 Critical Warning
Non-clocked sequential cell  
The clock pin DeterminantMicroBlaze_i/DeterminantTopModule_0/inst/one/MatrixOut_reg[258]/C is not reached by a timing clock
Related violations: <none>

TIMING-17#177 Critical Warning
Non-clocked sequential cell  
The clock pin DeterminantMicroBlaze_i/DeterminantTopModule_0/inst/one/MatrixOut_reg[259]/C is not reached by a timing clock
Related violations: <none>

TIMING-17#178 Critical Warning
Non-clocked sequential cell  
The clock pin DeterminantMicroBlaze_i/DeterminantTopModule_0/inst/one/MatrixOut_reg[25]/C is not reached by a timing clock
Related violations: <none>

TIMING-17#179 Critical Warning
Non-clocked sequential cell  
The clock pin DeterminantMicroBlaze_i/DeterminantTopModule_0/inst/one/MatrixOut_reg[260]/C is not reached by a timing clock
Related violations: <none>

TIMING-17#180 Critical Warning
Non-clocked sequential cell  
The clock pin DeterminantMicroBlaze_i/DeterminantTopModule_0/inst/one/MatrixOut_reg[261]/C is not reached by a timing clock
Related violations: <none>

TIMING-17#181 Critical Warning
Non-clocked sequential cell  
The clock pin DeterminantMicroBlaze_i/DeterminantTopModule_0/inst/one/MatrixOut_reg[262]/C is not reached by a timing clock
Related violations: <none>

TIMING-17#182 Critical Warning
Non-clocked sequential cell  
The clock pin DeterminantMicroBlaze_i/DeterminantTopModule_0/inst/one/MatrixOut_reg[263]/C is not reached by a timing clock
Related violations: <none>

TIMING-17#183 Critical Warning
Non-clocked sequential cell  
The clock pin DeterminantMicroBlaze_i/DeterminantTopModule_0/inst/one/MatrixOut_reg[264]/C is not reached by a timing clock
Related violations: <none>

TIMING-17#184 Critical Warning
Non-clocked sequential cell  
The clock pin DeterminantMicroBlaze_i/DeterminantTopModule_0/inst/one/MatrixOut_reg[265]/C is not reached by a timing clock
Related violations: <none>

TIMING-17#185 Critical Warning
Non-clocked sequential cell  
The clock pin DeterminantMicroBlaze_i/DeterminantTopModule_0/inst/one/MatrixOut_reg[266]/C is not reached by a timing clock
Related violations: <none>

TIMING-17#186 Critical Warning
Non-clocked sequential cell  
The clock pin DeterminantMicroBlaze_i/DeterminantTopModule_0/inst/one/MatrixOut_reg[267]/C is not reached by a timing clock
Related violations: <none>

TIMING-17#187 Critical Warning
Non-clocked sequential cell  
The clock pin DeterminantMicroBlaze_i/DeterminantTopModule_0/inst/one/MatrixOut_reg[268]/C is not reached by a timing clock
Related violations: <none>

TIMING-17#188 Critical Warning
Non-clocked sequential cell  
The clock pin DeterminantMicroBlaze_i/DeterminantTopModule_0/inst/one/MatrixOut_reg[269]/C is not reached by a timing clock
Related violations: <none>

TIMING-17#189 Critical Warning
Non-clocked sequential cell  
The clock pin DeterminantMicroBlaze_i/DeterminantTopModule_0/inst/one/MatrixOut_reg[26]/C is not reached by a timing clock
Related violations: <none>

TIMING-17#190 Critical Warning
Non-clocked sequential cell  
The clock pin DeterminantMicroBlaze_i/DeterminantTopModule_0/inst/one/MatrixOut_reg[270]/C is not reached by a timing clock
Related violations: <none>

TIMING-17#191 Critical Warning
Non-clocked sequential cell  
The clock pin DeterminantMicroBlaze_i/DeterminantTopModule_0/inst/one/MatrixOut_reg[271]/C is not reached by a timing clock
Related violations: <none>

TIMING-17#192 Critical Warning
Non-clocked sequential cell  
The clock pin DeterminantMicroBlaze_i/DeterminantTopModule_0/inst/one/MatrixOut_reg[272]/C is not reached by a timing clock
Related violations: <none>

TIMING-17#193 Critical Warning
Non-clocked sequential cell  
The clock pin DeterminantMicroBlaze_i/DeterminantTopModule_0/inst/one/MatrixOut_reg[273]/C is not reached by a timing clock
Related violations: <none>

TIMING-17#194 Critical Warning
Non-clocked sequential cell  
The clock pin DeterminantMicroBlaze_i/DeterminantTopModule_0/inst/one/MatrixOut_reg[274]/C is not reached by a timing clock
Related violations: <none>

TIMING-17#195 Critical Warning
Non-clocked sequential cell  
The clock pin DeterminantMicroBlaze_i/DeterminantTopModule_0/inst/one/MatrixOut_reg[275]/C is not reached by a timing clock
Related violations: <none>

TIMING-17#196 Critical Warning
Non-clocked sequential cell  
The clock pin DeterminantMicroBlaze_i/DeterminantTopModule_0/inst/one/MatrixOut_reg[276]/C is not reached by a timing clock
Related violations: <none>

TIMING-17#197 Critical Warning
Non-clocked sequential cell  
The clock pin DeterminantMicroBlaze_i/DeterminantTopModule_0/inst/one/MatrixOut_reg[277]/C is not reached by a timing clock
Related violations: <none>

TIMING-17#198 Critical Warning
Non-clocked sequential cell  
The clock pin DeterminantMicroBlaze_i/DeterminantTopModule_0/inst/one/MatrixOut_reg[278]/C is not reached by a timing clock
Related violations: <none>

TIMING-17#199 Critical Warning
Non-clocked sequential cell  
The clock pin DeterminantMicroBlaze_i/DeterminantTopModule_0/inst/one/MatrixOut_reg[279]/C is not reached by a timing clock
Related violations: <none>

TIMING-17#200 Critical Warning
Non-clocked sequential cell  
The clock pin DeterminantMicroBlaze_i/DeterminantTopModule_0/inst/one/MatrixOut_reg[27]/C is not reached by a timing clock
Related violations: <none>

TIMING-17#201 Critical Warning
Non-clocked sequential cell  
The clock pin DeterminantMicroBlaze_i/DeterminantTopModule_0/inst/one/MatrixOut_reg[280]/C is not reached by a timing clock
Related violations: <none>

TIMING-17#202 Critical Warning
Non-clocked sequential cell  
The clock pin DeterminantMicroBlaze_i/DeterminantTopModule_0/inst/one/MatrixOut_reg[281]/C is not reached by a timing clock
Related violations: <none>

TIMING-17#203 Critical Warning
Non-clocked sequential cell  
The clock pin DeterminantMicroBlaze_i/DeterminantTopModule_0/inst/one/MatrixOut_reg[282]/C is not reached by a timing clock
Related violations: <none>

TIMING-17#204 Critical Warning
Non-clocked sequential cell  
The clock pin DeterminantMicroBlaze_i/DeterminantTopModule_0/inst/one/MatrixOut_reg[283]/C is not reached by a timing clock
Related violations: <none>

TIMING-17#205 Critical Warning
Non-clocked sequential cell  
The clock pin DeterminantMicroBlaze_i/DeterminantTopModule_0/inst/one/MatrixOut_reg[284]/C is not reached by a timing clock
Related violations: <none>

TIMING-17#206 Critical Warning
Non-clocked sequential cell  
The clock pin DeterminantMicroBlaze_i/DeterminantTopModule_0/inst/one/MatrixOut_reg[285]/C is not reached by a timing clock
Related violations: <none>

TIMING-17#207 Critical Warning
Non-clocked sequential cell  
The clock pin DeterminantMicroBlaze_i/DeterminantTopModule_0/inst/one/MatrixOut_reg[286]/C is not reached by a timing clock
Related violations: <none>

TIMING-17#208 Critical Warning
Non-clocked sequential cell  
The clock pin DeterminantMicroBlaze_i/DeterminantTopModule_0/inst/one/MatrixOut_reg[287]/C is not reached by a timing clock
Related violations: <none>

TIMING-17#209 Critical Warning
Non-clocked sequential cell  
The clock pin DeterminantMicroBlaze_i/DeterminantTopModule_0/inst/one/MatrixOut_reg[28]/C is not reached by a timing clock
Related violations: <none>

TIMING-17#210 Critical Warning
Non-clocked sequential cell  
The clock pin DeterminantMicroBlaze_i/DeterminantTopModule_0/inst/one/MatrixOut_reg[29]/C is not reached by a timing clock
Related violations: <none>

TIMING-17#211 Critical Warning
Non-clocked sequential cell  
The clock pin DeterminantMicroBlaze_i/DeterminantTopModule_0/inst/one/MatrixOut_reg[2]/C is not reached by a timing clock
Related violations: <none>

TIMING-17#212 Critical Warning
Non-clocked sequential cell  
The clock pin DeterminantMicroBlaze_i/DeterminantTopModule_0/inst/one/MatrixOut_reg[30]/C is not reached by a timing clock
Related violations: <none>

TIMING-17#213 Critical Warning
Non-clocked sequential cell  
The clock pin DeterminantMicroBlaze_i/DeterminantTopModule_0/inst/one/MatrixOut_reg[31]/C is not reached by a timing clock
Related violations: <none>

TIMING-17#214 Critical Warning
Non-clocked sequential cell  
The clock pin DeterminantMicroBlaze_i/DeterminantTopModule_0/inst/one/MatrixOut_reg[32]/C is not reached by a timing clock
Related violations: <none>

TIMING-17#215 Critical Warning
Non-clocked sequential cell  
The clock pin DeterminantMicroBlaze_i/DeterminantTopModule_0/inst/one/MatrixOut_reg[33]/C is not reached by a timing clock
Related violations: <none>

TIMING-17#216 Critical Warning
Non-clocked sequential cell  
The clock pin DeterminantMicroBlaze_i/DeterminantTopModule_0/inst/one/MatrixOut_reg[34]/C is not reached by a timing clock
Related violations: <none>

TIMING-17#217 Critical Warning
Non-clocked sequential cell  
The clock pin DeterminantMicroBlaze_i/DeterminantTopModule_0/inst/one/MatrixOut_reg[35]/C is not reached by a timing clock
Related violations: <none>

TIMING-17#218 Critical Warning
Non-clocked sequential cell  
The clock pin DeterminantMicroBlaze_i/DeterminantTopModule_0/inst/one/MatrixOut_reg[36]/C is not reached by a timing clock
Related violations: <none>

TIMING-17#219 Critical Warning
Non-clocked sequential cell  
The clock pin DeterminantMicroBlaze_i/DeterminantTopModule_0/inst/one/MatrixOut_reg[37]/C is not reached by a timing clock
Related violations: <none>

TIMING-17#220 Critical Warning
Non-clocked sequential cell  
The clock pin DeterminantMicroBlaze_i/DeterminantTopModule_0/inst/one/MatrixOut_reg[38]/C is not reached by a timing clock
Related violations: <none>

TIMING-17#221 Critical Warning
Non-clocked sequential cell  
The clock pin DeterminantMicroBlaze_i/DeterminantTopModule_0/inst/one/MatrixOut_reg[39]/C is not reached by a timing clock
Related violations: <none>

TIMING-17#222 Critical Warning
Non-clocked sequential cell  
The clock pin DeterminantMicroBlaze_i/DeterminantTopModule_0/inst/one/MatrixOut_reg[3]/C is not reached by a timing clock
Related violations: <none>

TIMING-17#223 Critical Warning
Non-clocked sequential cell  
The clock pin DeterminantMicroBlaze_i/DeterminantTopModule_0/inst/one/MatrixOut_reg[40]/C is not reached by a timing clock
Related violations: <none>

TIMING-17#224 Critical Warning
Non-clocked sequential cell  
The clock pin DeterminantMicroBlaze_i/DeterminantTopModule_0/inst/one/MatrixOut_reg[41]/C is not reached by a timing clock
Related violations: <none>

TIMING-17#225 Critical Warning
Non-clocked sequential cell  
The clock pin DeterminantMicroBlaze_i/DeterminantTopModule_0/inst/one/MatrixOut_reg[42]/C is not reached by a timing clock
Related violations: <none>

TIMING-17#226 Critical Warning
Non-clocked sequential cell  
The clock pin DeterminantMicroBlaze_i/DeterminantTopModule_0/inst/one/MatrixOut_reg[43]/C is not reached by a timing clock
Related violations: <none>

TIMING-17#227 Critical Warning
Non-clocked sequential cell  
The clock pin DeterminantMicroBlaze_i/DeterminantTopModule_0/inst/one/MatrixOut_reg[44]/C is not reached by a timing clock
Related violations: <none>

TIMING-17#228 Critical Warning
Non-clocked sequential cell  
The clock pin DeterminantMicroBlaze_i/DeterminantTopModule_0/inst/one/MatrixOut_reg[45]/C is not reached by a timing clock
Related violations: <none>

TIMING-17#229 Critical Warning
Non-clocked sequential cell  
The clock pin DeterminantMicroBlaze_i/DeterminantTopModule_0/inst/one/MatrixOut_reg[46]/C is not reached by a timing clock
Related violations: <none>

TIMING-17#230 Critical Warning
Non-clocked sequential cell  
The clock pin DeterminantMicroBlaze_i/DeterminantTopModule_0/inst/one/MatrixOut_reg[47]/C is not reached by a timing clock
Related violations: <none>

TIMING-17#231 Critical Warning
Non-clocked sequential cell  
The clock pin DeterminantMicroBlaze_i/DeterminantTopModule_0/inst/one/MatrixOut_reg[48]/C is not reached by a timing clock
Related violations: <none>

TIMING-17#232 Critical Warning
Non-clocked sequential cell  
The clock pin DeterminantMicroBlaze_i/DeterminantTopModule_0/inst/one/MatrixOut_reg[49]/C is not reached by a timing clock
Related violations: <none>

TIMING-17#233 Critical Warning
Non-clocked sequential cell  
The clock pin DeterminantMicroBlaze_i/DeterminantTopModule_0/inst/one/MatrixOut_reg[4]/C is not reached by a timing clock
Related violations: <none>

TIMING-17#234 Critical Warning
Non-clocked sequential cell  
The clock pin DeterminantMicroBlaze_i/DeterminantTopModule_0/inst/one/MatrixOut_reg[50]/C is not reached by a timing clock
Related violations: <none>

TIMING-17#235 Critical Warning
Non-clocked sequential cell  
The clock pin DeterminantMicroBlaze_i/DeterminantTopModule_0/inst/one/MatrixOut_reg[51]/C is not reached by a timing clock
Related violations: <none>

TIMING-17#236 Critical Warning
Non-clocked sequential cell  
The clock pin DeterminantMicroBlaze_i/DeterminantTopModule_0/inst/one/MatrixOut_reg[52]/C is not reached by a timing clock
Related violations: <none>

TIMING-17#237 Critical Warning
Non-clocked sequential cell  
The clock pin DeterminantMicroBlaze_i/DeterminantTopModule_0/inst/one/MatrixOut_reg[53]/C is not reached by a timing clock
Related violations: <none>

TIMING-17#238 Critical Warning
Non-clocked sequential cell  
The clock pin DeterminantMicroBlaze_i/DeterminantTopModule_0/inst/one/MatrixOut_reg[54]/C is not reached by a timing clock
Related violations: <none>

TIMING-17#239 Critical Warning
Non-clocked sequential cell  
The clock pin DeterminantMicroBlaze_i/DeterminantTopModule_0/inst/one/MatrixOut_reg[55]/C is not reached by a timing clock
Related violations: <none>

TIMING-17#240 Critical Warning
Non-clocked sequential cell  
The clock pin DeterminantMicroBlaze_i/DeterminantTopModule_0/inst/one/MatrixOut_reg[56]/C is not reached by a timing clock
Related violations: <none>

TIMING-17#241 Critical Warning
Non-clocked sequential cell  
The clock pin DeterminantMicroBlaze_i/DeterminantTopModule_0/inst/one/MatrixOut_reg[57]/C is not reached by a timing clock
Related violations: <none>

TIMING-17#242 Critical Warning
Non-clocked sequential cell  
The clock pin DeterminantMicroBlaze_i/DeterminantTopModule_0/inst/one/MatrixOut_reg[58]/C is not reached by a timing clock
Related violations: <none>

TIMING-17#243 Critical Warning
Non-clocked sequential cell  
The clock pin DeterminantMicroBlaze_i/DeterminantTopModule_0/inst/one/MatrixOut_reg[59]/C is not reached by a timing clock
Related violations: <none>

TIMING-17#244 Critical Warning
Non-clocked sequential cell  
The clock pin DeterminantMicroBlaze_i/DeterminantTopModule_0/inst/one/MatrixOut_reg[5]/C is not reached by a timing clock
Related violations: <none>

TIMING-17#245 Critical Warning
Non-clocked sequential cell  
The clock pin DeterminantMicroBlaze_i/DeterminantTopModule_0/inst/one/MatrixOut_reg[60]/C is not reached by a timing clock
Related violations: <none>

TIMING-17#246 Critical Warning
Non-clocked sequential cell  
The clock pin DeterminantMicroBlaze_i/DeterminantTopModule_0/inst/one/MatrixOut_reg[61]/C is not reached by a timing clock
Related violations: <none>

TIMING-17#247 Critical Warning
Non-clocked sequential cell  
The clock pin DeterminantMicroBlaze_i/DeterminantTopModule_0/inst/one/MatrixOut_reg[62]/C is not reached by a timing clock
Related violations: <none>

TIMING-17#248 Critical Warning
Non-clocked sequential cell  
The clock pin DeterminantMicroBlaze_i/DeterminantTopModule_0/inst/one/MatrixOut_reg[63]/C is not reached by a timing clock
Related violations: <none>

TIMING-17#249 Critical Warning
Non-clocked sequential cell  
The clock pin DeterminantMicroBlaze_i/DeterminantTopModule_0/inst/one/MatrixOut_reg[64]/C is not reached by a timing clock
Related violations: <none>

TIMING-17#250 Critical Warning
Non-clocked sequential cell  
The clock pin DeterminantMicroBlaze_i/DeterminantTopModule_0/inst/one/MatrixOut_reg[65]/C is not reached by a timing clock
Related violations: <none>

TIMING-17#251 Critical Warning
Non-clocked sequential cell  
The clock pin DeterminantMicroBlaze_i/DeterminantTopModule_0/inst/one/MatrixOut_reg[66]/C is not reached by a timing clock
Related violations: <none>

TIMING-17#252 Critical Warning
Non-clocked sequential cell  
The clock pin DeterminantMicroBlaze_i/DeterminantTopModule_0/inst/one/MatrixOut_reg[67]/C is not reached by a timing clock
Related violations: <none>

TIMING-17#253 Critical Warning
Non-clocked sequential cell  
The clock pin DeterminantMicroBlaze_i/DeterminantTopModule_0/inst/one/MatrixOut_reg[68]/C is not reached by a timing clock
Related violations: <none>

TIMING-17#254 Critical Warning
Non-clocked sequential cell  
The clock pin DeterminantMicroBlaze_i/DeterminantTopModule_0/inst/one/MatrixOut_reg[69]/C is not reached by a timing clock
Related violations: <none>

TIMING-17#255 Critical Warning
Non-clocked sequential cell  
The clock pin DeterminantMicroBlaze_i/DeterminantTopModule_0/inst/one/MatrixOut_reg[6]/C is not reached by a timing clock
Related violations: <none>

TIMING-17#256 Critical Warning
Non-clocked sequential cell  
The clock pin DeterminantMicroBlaze_i/DeterminantTopModule_0/inst/one/MatrixOut_reg[70]/C is not reached by a timing clock
Related violations: <none>

TIMING-17#257 Critical Warning
Non-clocked sequential cell  
The clock pin DeterminantMicroBlaze_i/DeterminantTopModule_0/inst/one/MatrixOut_reg[71]/C is not reached by a timing clock
Related violations: <none>

TIMING-17#258 Critical Warning
Non-clocked sequential cell  
The clock pin DeterminantMicroBlaze_i/DeterminantTopModule_0/inst/one/MatrixOut_reg[72]/C is not reached by a timing clock
Related violations: <none>

TIMING-17#259 Critical Warning
Non-clocked sequential cell  
The clock pin DeterminantMicroBlaze_i/DeterminantTopModule_0/inst/one/MatrixOut_reg[73]/C is not reached by a timing clock
Related violations: <none>

TIMING-17#260 Critical Warning
Non-clocked sequential cell  
The clock pin DeterminantMicroBlaze_i/DeterminantTopModule_0/inst/one/MatrixOut_reg[74]/C is not reached by a timing clock
Related violations: <none>

TIMING-17#261 Critical Warning
Non-clocked sequential cell  
The clock pin DeterminantMicroBlaze_i/DeterminantTopModule_0/inst/one/MatrixOut_reg[75]/C is not reached by a timing clock
Related violations: <none>

TIMING-17#262 Critical Warning
Non-clocked sequential cell  
The clock pin DeterminantMicroBlaze_i/DeterminantTopModule_0/inst/one/MatrixOut_reg[76]/C is not reached by a timing clock
Related violations: <none>

TIMING-17#263 Critical Warning
Non-clocked sequential cell  
The clock pin DeterminantMicroBlaze_i/DeterminantTopModule_0/inst/one/MatrixOut_reg[77]/C is not reached by a timing clock
Related violations: <none>

TIMING-17#264 Critical Warning
Non-clocked sequential cell  
The clock pin DeterminantMicroBlaze_i/DeterminantTopModule_0/inst/one/MatrixOut_reg[78]/C is not reached by a timing clock
Related violations: <none>

TIMING-17#265 Critical Warning
Non-clocked sequential cell  
The clock pin DeterminantMicroBlaze_i/DeterminantTopModule_0/inst/one/MatrixOut_reg[79]/C is not reached by a timing clock
Related violations: <none>

TIMING-17#266 Critical Warning
Non-clocked sequential cell  
The clock pin DeterminantMicroBlaze_i/DeterminantTopModule_0/inst/one/MatrixOut_reg[7]/C is not reached by a timing clock
Related violations: <none>

TIMING-17#267 Critical Warning
Non-clocked sequential cell  
The clock pin DeterminantMicroBlaze_i/DeterminantTopModule_0/inst/one/MatrixOut_reg[80]/C is not reached by a timing clock
Related violations: <none>

TIMING-17#268 Critical Warning
Non-clocked sequential cell  
The clock pin DeterminantMicroBlaze_i/DeterminantTopModule_0/inst/one/MatrixOut_reg[81]/C is not reached by a timing clock
Related violations: <none>

TIMING-17#269 Critical Warning
Non-clocked sequential cell  
The clock pin DeterminantMicroBlaze_i/DeterminantTopModule_0/inst/one/MatrixOut_reg[82]/C is not reached by a timing clock
Related violations: <none>

TIMING-17#270 Critical Warning
Non-clocked sequential cell  
The clock pin DeterminantMicroBlaze_i/DeterminantTopModule_0/inst/one/MatrixOut_reg[83]/C is not reached by a timing clock
Related violations: <none>

TIMING-17#271 Critical Warning
Non-clocked sequential cell  
The clock pin DeterminantMicroBlaze_i/DeterminantTopModule_0/inst/one/MatrixOut_reg[84]/C is not reached by a timing clock
Related violations: <none>

TIMING-17#272 Critical Warning
Non-clocked sequential cell  
The clock pin DeterminantMicroBlaze_i/DeterminantTopModule_0/inst/one/MatrixOut_reg[85]/C is not reached by a timing clock
Related violations: <none>

TIMING-17#273 Critical Warning
Non-clocked sequential cell  
The clock pin DeterminantMicroBlaze_i/DeterminantTopModule_0/inst/one/MatrixOut_reg[86]/C is not reached by a timing clock
Related violations: <none>

TIMING-17#274 Critical Warning
Non-clocked sequential cell  
The clock pin DeterminantMicroBlaze_i/DeterminantTopModule_0/inst/one/MatrixOut_reg[87]/C is not reached by a timing clock
Related violations: <none>

TIMING-17#275 Critical Warning
Non-clocked sequential cell  
The clock pin DeterminantMicroBlaze_i/DeterminantTopModule_0/inst/one/MatrixOut_reg[88]/C is not reached by a timing clock
Related violations: <none>

TIMING-17#276 Critical Warning
Non-clocked sequential cell  
The clock pin DeterminantMicroBlaze_i/DeterminantTopModule_0/inst/one/MatrixOut_reg[89]/C is not reached by a timing clock
Related violations: <none>

TIMING-17#277 Critical Warning
Non-clocked sequential cell  
The clock pin DeterminantMicroBlaze_i/DeterminantTopModule_0/inst/one/MatrixOut_reg[8]/C is not reached by a timing clock
Related violations: <none>

TIMING-17#278 Critical Warning
Non-clocked sequential cell  
The clock pin DeterminantMicroBlaze_i/DeterminantTopModule_0/inst/one/MatrixOut_reg[90]/C is not reached by a timing clock
Related violations: <none>

TIMING-17#279 Critical Warning
Non-clocked sequential cell  
The clock pin DeterminantMicroBlaze_i/DeterminantTopModule_0/inst/one/MatrixOut_reg[91]/C is not reached by a timing clock
Related violations: <none>

TIMING-17#280 Critical Warning
Non-clocked sequential cell  
The clock pin DeterminantMicroBlaze_i/DeterminantTopModule_0/inst/one/MatrixOut_reg[92]/C is not reached by a timing clock
Related violations: <none>

TIMING-17#281 Critical Warning
Non-clocked sequential cell  
The clock pin DeterminantMicroBlaze_i/DeterminantTopModule_0/inst/one/MatrixOut_reg[93]/C is not reached by a timing clock
Related violations: <none>

TIMING-17#282 Critical Warning
Non-clocked sequential cell  
The clock pin DeterminantMicroBlaze_i/DeterminantTopModule_0/inst/one/MatrixOut_reg[94]/C is not reached by a timing clock
Related violations: <none>

TIMING-17#283 Critical Warning
Non-clocked sequential cell  
The clock pin DeterminantMicroBlaze_i/DeterminantTopModule_0/inst/one/MatrixOut_reg[95]/C is not reached by a timing clock
Related violations: <none>

TIMING-17#284 Critical Warning
Non-clocked sequential cell  
The clock pin DeterminantMicroBlaze_i/DeterminantTopModule_0/inst/one/MatrixOut_reg[96]/C is not reached by a timing clock
Related violations: <none>

TIMING-17#285 Critical Warning
Non-clocked sequential cell  
The clock pin DeterminantMicroBlaze_i/DeterminantTopModule_0/inst/one/MatrixOut_reg[97]/C is not reached by a timing clock
Related violations: <none>

TIMING-17#286 Critical Warning
Non-clocked sequential cell  
The clock pin DeterminantMicroBlaze_i/DeterminantTopModule_0/inst/one/MatrixOut_reg[98]/C is not reached by a timing clock
Related violations: <none>

TIMING-17#287 Critical Warning
Non-clocked sequential cell  
The clock pin DeterminantMicroBlaze_i/DeterminantTopModule_0/inst/one/MatrixOut_reg[99]/C is not reached by a timing clock
Related violations: <none>

TIMING-17#288 Critical Warning
Non-clocked sequential cell  
The clock pin DeterminantMicroBlaze_i/DeterminantTopModule_0/inst/one/MatrixOut_reg[9]/C is not reached by a timing clock
Related violations: <none>

TIMING-17#289 Critical Warning
Non-clocked sequential cell  
The clock pin DeterminantMicroBlaze_i/DeterminantTopModule_0/inst/one/X_reg[0]/C is not reached by a timing clock
Related violations: <none>

TIMING-17#290 Critical Warning
Non-clocked sequential cell  
The clock pin DeterminantMicroBlaze_i/DeterminantTopModule_0/inst/one/X_reg[10]/C is not reached by a timing clock
Related violations: <none>

TIMING-17#291 Critical Warning
Non-clocked sequential cell  
The clock pin DeterminantMicroBlaze_i/DeterminantTopModule_0/inst/one/X_reg[11]/C is not reached by a timing clock
Related violations: <none>

TIMING-17#292 Critical Warning
Non-clocked sequential cell  
The clock pin DeterminantMicroBlaze_i/DeterminantTopModule_0/inst/one/X_reg[12]/C is not reached by a timing clock
Related violations: <none>

TIMING-17#293 Critical Warning
Non-clocked sequential cell  
The clock pin DeterminantMicroBlaze_i/DeterminantTopModule_0/inst/one/X_reg[13]/C is not reached by a timing clock
Related violations: <none>

TIMING-17#294 Critical Warning
Non-clocked sequential cell  
The clock pin DeterminantMicroBlaze_i/DeterminantTopModule_0/inst/one/X_reg[14]/C is not reached by a timing clock
Related violations: <none>

TIMING-17#295 Critical Warning
Non-clocked sequential cell  
The clock pin DeterminantMicroBlaze_i/DeterminantTopModule_0/inst/one/X_reg[15]/C is not reached by a timing clock
Related violations: <none>

TIMING-17#296 Critical Warning
Non-clocked sequential cell  
The clock pin DeterminantMicroBlaze_i/DeterminantTopModule_0/inst/one/X_reg[16]/C is not reached by a timing clock
Related violations: <none>

TIMING-17#297 Critical Warning
Non-clocked sequential cell  
The clock pin DeterminantMicroBlaze_i/DeterminantTopModule_0/inst/one/X_reg[17]/C is not reached by a timing clock
Related violations: <none>

TIMING-17#298 Critical Warning
Non-clocked sequential cell  
The clock pin DeterminantMicroBlaze_i/DeterminantTopModule_0/inst/one/X_reg[18]/C is not reached by a timing clock
Related violations: <none>

TIMING-17#299 Critical Warning
Non-clocked sequential cell  
The clock pin DeterminantMicroBlaze_i/DeterminantTopModule_0/inst/one/X_reg[19]/C is not reached by a timing clock
Related violations: <none>

TIMING-17#300 Critical Warning
Non-clocked sequential cell  
The clock pin DeterminantMicroBlaze_i/DeterminantTopModule_0/inst/one/X_reg[1]/C is not reached by a timing clock
Related violations: <none>

TIMING-17#301 Critical Warning
Non-clocked sequential cell  
The clock pin DeterminantMicroBlaze_i/DeterminantTopModule_0/inst/one/X_reg[20]/C is not reached by a timing clock
Related violations: <none>

TIMING-17#302 Critical Warning
Non-clocked sequential cell  
The clock pin DeterminantMicroBlaze_i/DeterminantTopModule_0/inst/one/X_reg[21]/C is not reached by a timing clock
Related violations: <none>

TIMING-17#303 Critical Warning
Non-clocked sequential cell  
The clock pin DeterminantMicroBlaze_i/DeterminantTopModule_0/inst/one/X_reg[22]/C is not reached by a timing clock
Related violations: <none>

TIMING-17#304 Critical Warning
Non-clocked sequential cell  
The clock pin DeterminantMicroBlaze_i/DeterminantTopModule_0/inst/one/X_reg[23]/C is not reached by a timing clock
Related violations: <none>

TIMING-17#305 Critical Warning
Non-clocked sequential cell  
The clock pin DeterminantMicroBlaze_i/DeterminantTopModule_0/inst/one/X_reg[24]/C is not reached by a timing clock
Related violations: <none>

TIMING-17#306 Critical Warning
Non-clocked sequential cell  
The clock pin DeterminantMicroBlaze_i/DeterminantTopModule_0/inst/one/X_reg[25]/C is not reached by a timing clock
Related violations: <none>

TIMING-17#307 Critical Warning
Non-clocked sequential cell  
The clock pin DeterminantMicroBlaze_i/DeterminantTopModule_0/inst/one/X_reg[26]/C is not reached by a timing clock
Related violations: <none>

TIMING-17#308 Critical Warning
Non-clocked sequential cell  
The clock pin DeterminantMicroBlaze_i/DeterminantTopModule_0/inst/one/X_reg[27]/C is not reached by a timing clock
Related violations: <none>

TIMING-17#309 Critical Warning
Non-clocked sequential cell  
The clock pin DeterminantMicroBlaze_i/DeterminantTopModule_0/inst/one/X_reg[28]/C is not reached by a timing clock
Related violations: <none>

TIMING-17#310 Critical Warning
Non-clocked sequential cell  
The clock pin DeterminantMicroBlaze_i/DeterminantTopModule_0/inst/one/X_reg[29]/C is not reached by a timing clock
Related violations: <none>

TIMING-17#311 Critical Warning
Non-clocked sequential cell  
The clock pin DeterminantMicroBlaze_i/DeterminantTopModule_0/inst/one/X_reg[2]/C is not reached by a timing clock
Related violations: <none>

TIMING-17#312 Critical Warning
Non-clocked sequential cell  
The clock pin DeterminantMicroBlaze_i/DeterminantTopModule_0/inst/one/X_reg[30]/C is not reached by a timing clock
Related violations: <none>

TIMING-17#313 Critical Warning
Non-clocked sequential cell  
The clock pin DeterminantMicroBlaze_i/DeterminantTopModule_0/inst/one/X_reg[31]/C is not reached by a timing clock
Related violations: <none>

TIMING-17#314 Critical Warning
Non-clocked sequential cell  
The clock pin DeterminantMicroBlaze_i/DeterminantTopModule_0/inst/one/X_reg[3]/C is not reached by a timing clock
Related violations: <none>

TIMING-17#315 Critical Warning
Non-clocked sequential cell  
The clock pin DeterminantMicroBlaze_i/DeterminantTopModule_0/inst/one/X_reg[4]/C is not reached by a timing clock
Related violations: <none>

TIMING-17#316 Critical Warning
Non-clocked sequential cell  
The clock pin DeterminantMicroBlaze_i/DeterminantTopModule_0/inst/one/X_reg[5]/C is not reached by a timing clock
Related violations: <none>

TIMING-17#317 Critical Warning
Non-clocked sequential cell  
The clock pin DeterminantMicroBlaze_i/DeterminantTopModule_0/inst/one/X_reg[6]/C is not reached by a timing clock
Related violations: <none>

TIMING-17#318 Critical Warning
Non-clocked sequential cell  
The clock pin DeterminantMicroBlaze_i/DeterminantTopModule_0/inst/one/X_reg[7]/C is not reached by a timing clock
Related violations: <none>

TIMING-17#319 Critical Warning
Non-clocked sequential cell  
The clock pin DeterminantMicroBlaze_i/DeterminantTopModule_0/inst/one/X_reg[8]/C is not reached by a timing clock
Related violations: <none>

TIMING-17#320 Critical Warning
Non-clocked sequential cell  
The clock pin DeterminantMicroBlaze_i/DeterminantTopModule_0/inst/one/X_reg[9]/C is not reached by a timing clock
Related violations: <none>

TIMING-17#321 Critical Warning
Non-clocked sequential cell  
The clock pin DeterminantMicroBlaze_i/DeterminantTopModule_0/inst/one/Y_reg[0]/C is not reached by a timing clock
Related violations: <none>

TIMING-17#322 Critical Warning
Non-clocked sequential cell  
The clock pin DeterminantMicroBlaze_i/DeterminantTopModule_0/inst/one/Y_reg[10]/C is not reached by a timing clock
Related violations: <none>

TIMING-17#323 Critical Warning
Non-clocked sequential cell  
The clock pin DeterminantMicroBlaze_i/DeterminantTopModule_0/inst/one/Y_reg[11]/C is not reached by a timing clock
Related violations: <none>

TIMING-17#324 Critical Warning
Non-clocked sequential cell  
The clock pin DeterminantMicroBlaze_i/DeterminantTopModule_0/inst/one/Y_reg[12]/C is not reached by a timing clock
Related violations: <none>

TIMING-17#325 Critical Warning
Non-clocked sequential cell  
The clock pin DeterminantMicroBlaze_i/DeterminantTopModule_0/inst/one/Y_reg[13]/C is not reached by a timing clock
Related violations: <none>

TIMING-17#326 Critical Warning
Non-clocked sequential cell  
The clock pin DeterminantMicroBlaze_i/DeterminantTopModule_0/inst/one/Y_reg[14]/C is not reached by a timing clock
Related violations: <none>

TIMING-17#327 Critical Warning
Non-clocked sequential cell  
The clock pin DeterminantMicroBlaze_i/DeterminantTopModule_0/inst/one/Y_reg[15]/C is not reached by a timing clock
Related violations: <none>

TIMING-17#328 Critical Warning
Non-clocked sequential cell  
The clock pin DeterminantMicroBlaze_i/DeterminantTopModule_0/inst/one/Y_reg[16]/C is not reached by a timing clock
Related violations: <none>

TIMING-17#329 Critical Warning
Non-clocked sequential cell  
The clock pin DeterminantMicroBlaze_i/DeterminantTopModule_0/inst/one/Y_reg[17]/C is not reached by a timing clock
Related violations: <none>

TIMING-17#330 Critical Warning
Non-clocked sequential cell  
The clock pin DeterminantMicroBlaze_i/DeterminantTopModule_0/inst/one/Y_reg[18]/C is not reached by a timing clock
Related violations: <none>

TIMING-17#331 Critical Warning
Non-clocked sequential cell  
The clock pin DeterminantMicroBlaze_i/DeterminantTopModule_0/inst/one/Y_reg[19]/C is not reached by a timing clock
Related violations: <none>

TIMING-17#332 Critical Warning
Non-clocked sequential cell  
The clock pin DeterminantMicroBlaze_i/DeterminantTopModule_0/inst/one/Y_reg[1]/C is not reached by a timing clock
Related violations: <none>

TIMING-17#333 Critical Warning
Non-clocked sequential cell  
The clock pin DeterminantMicroBlaze_i/DeterminantTopModule_0/inst/one/Y_reg[20]/C is not reached by a timing clock
Related violations: <none>

TIMING-17#334 Critical Warning
Non-clocked sequential cell  
The clock pin DeterminantMicroBlaze_i/DeterminantTopModule_0/inst/one/Y_reg[21]/C is not reached by a timing clock
Related violations: <none>

TIMING-17#335 Critical Warning
Non-clocked sequential cell  
The clock pin DeterminantMicroBlaze_i/DeterminantTopModule_0/inst/one/Y_reg[22]/C is not reached by a timing clock
Related violations: <none>

TIMING-17#336 Critical Warning
Non-clocked sequential cell  
The clock pin DeterminantMicroBlaze_i/DeterminantTopModule_0/inst/one/Y_reg[23]/C is not reached by a timing clock
Related violations: <none>

TIMING-17#337 Critical Warning
Non-clocked sequential cell  
The clock pin DeterminantMicroBlaze_i/DeterminantTopModule_0/inst/one/Y_reg[24]/C is not reached by a timing clock
Related violations: <none>

TIMING-17#338 Critical Warning
Non-clocked sequential cell  
The clock pin DeterminantMicroBlaze_i/DeterminantTopModule_0/inst/one/Y_reg[25]/C is not reached by a timing clock
Related violations: <none>

TIMING-17#339 Critical Warning
Non-clocked sequential cell  
The clock pin DeterminantMicroBlaze_i/DeterminantTopModule_0/inst/one/Y_reg[26]/C is not reached by a timing clock
Related violations: <none>

TIMING-17#340 Critical Warning
Non-clocked sequential cell  
The clock pin DeterminantMicroBlaze_i/DeterminantTopModule_0/inst/one/Y_reg[27]/C is not reached by a timing clock
Related violations: <none>

TIMING-17#341 Critical Warning
Non-clocked sequential cell  
The clock pin DeterminantMicroBlaze_i/DeterminantTopModule_0/inst/one/Y_reg[28]/C is not reached by a timing clock
Related violations: <none>

TIMING-17#342 Critical Warning
Non-clocked sequential cell  
The clock pin DeterminantMicroBlaze_i/DeterminantTopModule_0/inst/one/Y_reg[29]/C is not reached by a timing clock
Related violations: <none>

TIMING-17#343 Critical Warning
Non-clocked sequential cell  
The clock pin DeterminantMicroBlaze_i/DeterminantTopModule_0/inst/one/Y_reg[2]/C is not reached by a timing clock
Related violations: <none>

TIMING-17#344 Critical Warning
Non-clocked sequential cell  
The clock pin DeterminantMicroBlaze_i/DeterminantTopModule_0/inst/one/Y_reg[30]/C is not reached by a timing clock
Related violations: <none>

TIMING-17#345 Critical Warning
Non-clocked sequential cell  
The clock pin DeterminantMicroBlaze_i/DeterminantTopModule_0/inst/one/Y_reg[31]/C is not reached by a timing clock
Related violations: <none>

TIMING-17#346 Critical Warning
Non-clocked sequential cell  
The clock pin DeterminantMicroBlaze_i/DeterminantTopModule_0/inst/one/Y_reg[3]/C is not reached by a timing clock
Related violations: <none>

TIMING-17#347 Critical Warning
Non-clocked sequential cell  
The clock pin DeterminantMicroBlaze_i/DeterminantTopModule_0/inst/one/Y_reg[4]/C is not reached by a timing clock
Related violations: <none>

TIMING-17#348 Critical Warning
Non-clocked sequential cell  
The clock pin DeterminantMicroBlaze_i/DeterminantTopModule_0/inst/one/Y_reg[5]/C is not reached by a timing clock
Related violations: <none>

TIMING-17#349 Critical Warning
Non-clocked sequential cell  
The clock pin DeterminantMicroBlaze_i/DeterminantTopModule_0/inst/one/Y_reg[6]/C is not reached by a timing clock
Related violations: <none>

TIMING-17#350 Critical Warning
Non-clocked sequential cell  
The clock pin DeterminantMicroBlaze_i/DeterminantTopModule_0/inst/one/Y_reg[7]/C is not reached by a timing clock
Related violations: <none>

TIMING-17#351 Critical Warning
Non-clocked sequential cell  
The clock pin DeterminantMicroBlaze_i/DeterminantTopModule_0/inst/one/Y_reg[8]/C is not reached by a timing clock
Related violations: <none>

TIMING-17#352 Critical Warning
Non-clocked sequential cell  
The clock pin DeterminantMicroBlaze_i/DeterminantTopModule_0/inst/one/Y_reg[9]/C is not reached by a timing clock
Related violations: <none>

TIMING-17#353 Critical Warning
Non-clocked sequential cell  
The clock pin DeterminantMicroBlaze_i/DeterminantTopModule_0/inst/one/Z_reg[0]/C is not reached by a timing clock
Related violations: <none>

TIMING-17#354 Critical Warning
Non-clocked sequential cell  
The clock pin DeterminantMicroBlaze_i/DeterminantTopModule_0/inst/one/Z_reg[10]/C is not reached by a timing clock
Related violations: <none>

TIMING-17#355 Critical Warning
Non-clocked sequential cell  
The clock pin DeterminantMicroBlaze_i/DeterminantTopModule_0/inst/one/Z_reg[11]/C is not reached by a timing clock
Related violations: <none>

TIMING-17#356 Critical Warning
Non-clocked sequential cell  
The clock pin DeterminantMicroBlaze_i/DeterminantTopModule_0/inst/one/Z_reg[12]/C is not reached by a timing clock
Related violations: <none>

TIMING-17#357 Critical Warning
Non-clocked sequential cell  
The clock pin DeterminantMicroBlaze_i/DeterminantTopModule_0/inst/one/Z_reg[13]/C is not reached by a timing clock
Related violations: <none>

TIMING-17#358 Critical Warning
Non-clocked sequential cell  
The clock pin DeterminantMicroBlaze_i/DeterminantTopModule_0/inst/one/Z_reg[14]/C is not reached by a timing clock
Related violations: <none>

TIMING-17#359 Critical Warning
Non-clocked sequential cell  
The clock pin DeterminantMicroBlaze_i/DeterminantTopModule_0/inst/one/Z_reg[15]/C is not reached by a timing clock
Related violations: <none>

TIMING-17#360 Critical Warning
Non-clocked sequential cell  
The clock pin DeterminantMicroBlaze_i/DeterminantTopModule_0/inst/one/Z_reg[16]/C is not reached by a timing clock
Related violations: <none>

TIMING-17#361 Critical Warning
Non-clocked sequential cell  
The clock pin DeterminantMicroBlaze_i/DeterminantTopModule_0/inst/one/Z_reg[17]/C is not reached by a timing clock
Related violations: <none>

TIMING-17#362 Critical Warning
Non-clocked sequential cell  
The clock pin DeterminantMicroBlaze_i/DeterminantTopModule_0/inst/one/Z_reg[18]/C is not reached by a timing clock
Related violations: <none>

TIMING-17#363 Critical Warning
Non-clocked sequential cell  
The clock pin DeterminantMicroBlaze_i/DeterminantTopModule_0/inst/one/Z_reg[19]/C is not reached by a timing clock
Related violations: <none>

TIMING-17#364 Critical Warning
Non-clocked sequential cell  
The clock pin DeterminantMicroBlaze_i/DeterminantTopModule_0/inst/one/Z_reg[1]/C is not reached by a timing clock
Related violations: <none>

TIMING-17#365 Critical Warning
Non-clocked sequential cell  
The clock pin DeterminantMicroBlaze_i/DeterminantTopModule_0/inst/one/Z_reg[20]/C is not reached by a timing clock
Related violations: <none>

TIMING-17#366 Critical Warning
Non-clocked sequential cell  
The clock pin DeterminantMicroBlaze_i/DeterminantTopModule_0/inst/one/Z_reg[21]/C is not reached by a timing clock
Related violations: <none>

TIMING-17#367 Critical Warning
Non-clocked sequential cell  
The clock pin DeterminantMicroBlaze_i/DeterminantTopModule_0/inst/one/Z_reg[22]/C is not reached by a timing clock
Related violations: <none>

TIMING-17#368 Critical Warning
Non-clocked sequential cell  
The clock pin DeterminantMicroBlaze_i/DeterminantTopModule_0/inst/one/Z_reg[23]/C is not reached by a timing clock
Related violations: <none>

TIMING-17#369 Critical Warning
Non-clocked sequential cell  
The clock pin DeterminantMicroBlaze_i/DeterminantTopModule_0/inst/one/Z_reg[24]/C is not reached by a timing clock
Related violations: <none>

TIMING-17#370 Critical Warning
Non-clocked sequential cell  
The clock pin DeterminantMicroBlaze_i/DeterminantTopModule_0/inst/one/Z_reg[25]/C is not reached by a timing clock
Related violations: <none>

TIMING-17#371 Critical Warning
Non-clocked sequential cell  
The clock pin DeterminantMicroBlaze_i/DeterminantTopModule_0/inst/one/Z_reg[26]/C is not reached by a timing clock
Related violations: <none>

TIMING-17#372 Critical Warning
Non-clocked sequential cell  
The clock pin DeterminantMicroBlaze_i/DeterminantTopModule_0/inst/one/Z_reg[27]/C is not reached by a timing clock
Related violations: <none>

TIMING-17#373 Critical Warning
Non-clocked sequential cell  
The clock pin DeterminantMicroBlaze_i/DeterminantTopModule_0/inst/one/Z_reg[28]/C is not reached by a timing clock
Related violations: <none>

TIMING-17#374 Critical Warning
Non-clocked sequential cell  
The clock pin DeterminantMicroBlaze_i/DeterminantTopModule_0/inst/one/Z_reg[29]/C is not reached by a timing clock
Related violations: <none>

TIMING-17#375 Critical Warning
Non-clocked sequential cell  
The clock pin DeterminantMicroBlaze_i/DeterminantTopModule_0/inst/one/Z_reg[2]/C is not reached by a timing clock
Related violations: <none>

TIMING-17#376 Critical Warning
Non-clocked sequential cell  
The clock pin DeterminantMicroBlaze_i/DeterminantTopModule_0/inst/one/Z_reg[30]/C is not reached by a timing clock
Related violations: <none>

TIMING-17#377 Critical Warning
Non-clocked sequential cell  
The clock pin DeterminantMicroBlaze_i/DeterminantTopModule_0/inst/one/Z_reg[31]/C is not reached by a timing clock
Related violations: <none>

TIMING-17#378 Critical Warning
Non-clocked sequential cell  
The clock pin DeterminantMicroBlaze_i/DeterminantTopModule_0/inst/one/Z_reg[3]/C is not reached by a timing clock
Related violations: <none>

TIMING-17#379 Critical Warning
Non-clocked sequential cell  
The clock pin DeterminantMicroBlaze_i/DeterminantTopModule_0/inst/one/Z_reg[4]/C is not reached by a timing clock
Related violations: <none>

TIMING-17#380 Critical Warning
Non-clocked sequential cell  
The clock pin DeterminantMicroBlaze_i/DeterminantTopModule_0/inst/one/Z_reg[5]/C is not reached by a timing clock
Related violations: <none>

TIMING-17#381 Critical Warning
Non-clocked sequential cell  
The clock pin DeterminantMicroBlaze_i/DeterminantTopModule_0/inst/one/Z_reg[6]/C is not reached by a timing clock
Related violations: <none>

TIMING-17#382 Critical Warning
Non-clocked sequential cell  
The clock pin DeterminantMicroBlaze_i/DeterminantTopModule_0/inst/one/Z_reg[7]/C is not reached by a timing clock
Related violations: <none>

TIMING-17#383 Critical Warning
Non-clocked sequential cell  
The clock pin DeterminantMicroBlaze_i/DeterminantTopModule_0/inst/one/Z_reg[8]/C is not reached by a timing clock
Related violations: <none>

TIMING-17#384 Critical Warning
Non-clocked sequential cell  
The clock pin DeterminantMicroBlaze_i/DeterminantTopModule_0/inst/one/Z_reg[9]/C is not reached by a timing clock
Related violations: <none>

TIMING-17#385 Critical Warning
Non-clocked sequential cell  
The clock pin DeterminantMicroBlaze_i/DeterminantTopModule_0/inst/one/determinant_reg[0]/C is not reached by a timing clock
Related violations: <none>

TIMING-17#386 Critical Warning
Non-clocked sequential cell  
The clock pin DeterminantMicroBlaze_i/DeterminantTopModule_0/inst/one/determinant_reg[10]/C is not reached by a timing clock
Related violations: <none>

TIMING-17#387 Critical Warning
Non-clocked sequential cell  
The clock pin DeterminantMicroBlaze_i/DeterminantTopModule_0/inst/one/determinant_reg[11]/C is not reached by a timing clock
Related violations: <none>

TIMING-17#388 Critical Warning
Non-clocked sequential cell  
The clock pin DeterminantMicroBlaze_i/DeterminantTopModule_0/inst/one/determinant_reg[12]/C is not reached by a timing clock
Related violations: <none>

TIMING-17#389 Critical Warning
Non-clocked sequential cell  
The clock pin DeterminantMicroBlaze_i/DeterminantTopModule_0/inst/one/determinant_reg[13]/C is not reached by a timing clock
Related violations: <none>

TIMING-17#390 Critical Warning
Non-clocked sequential cell  
The clock pin DeterminantMicroBlaze_i/DeterminantTopModule_0/inst/one/determinant_reg[14]/C is not reached by a timing clock
Related violations: <none>

TIMING-17#391 Critical Warning
Non-clocked sequential cell  
The clock pin DeterminantMicroBlaze_i/DeterminantTopModule_0/inst/one/determinant_reg[15]/C is not reached by a timing clock
Related violations: <none>

TIMING-17#392 Critical Warning
Non-clocked sequential cell  
The clock pin DeterminantMicroBlaze_i/DeterminantTopModule_0/inst/one/determinant_reg[16]/C is not reached by a timing clock
Related violations: <none>

TIMING-17#393 Critical Warning
Non-clocked sequential cell  
The clock pin DeterminantMicroBlaze_i/DeterminantTopModule_0/inst/one/determinant_reg[17]/C is not reached by a timing clock
Related violations: <none>

TIMING-17#394 Critical Warning
Non-clocked sequential cell  
The clock pin DeterminantMicroBlaze_i/DeterminantTopModule_0/inst/one/determinant_reg[18]/C is not reached by a timing clock
Related violations: <none>

TIMING-17#395 Critical Warning
Non-clocked sequential cell  
The clock pin DeterminantMicroBlaze_i/DeterminantTopModule_0/inst/one/determinant_reg[19]/C is not reached by a timing clock
Related violations: <none>

TIMING-17#396 Critical Warning
Non-clocked sequential cell  
The clock pin DeterminantMicroBlaze_i/DeterminantTopModule_0/inst/one/determinant_reg[1]/C is not reached by a timing clock
Related violations: <none>

TIMING-17#397 Critical Warning
Non-clocked sequential cell  
The clock pin DeterminantMicroBlaze_i/DeterminantTopModule_0/inst/one/determinant_reg[20]/C is not reached by a timing clock
Related violations: <none>

TIMING-17#398 Critical Warning
Non-clocked sequential cell  
The clock pin DeterminantMicroBlaze_i/DeterminantTopModule_0/inst/one/determinant_reg[21]/C is not reached by a timing clock
Related violations: <none>

TIMING-17#399 Critical Warning
Non-clocked sequential cell  
The clock pin DeterminantMicroBlaze_i/DeterminantTopModule_0/inst/one/determinant_reg[22]/C is not reached by a timing clock
Related violations: <none>

TIMING-17#400 Critical Warning
Non-clocked sequential cell  
The clock pin DeterminantMicroBlaze_i/DeterminantTopModule_0/inst/one/determinant_reg[23]/C is not reached by a timing clock
Related violations: <none>

TIMING-17#401 Critical Warning
Non-clocked sequential cell  
The clock pin DeterminantMicroBlaze_i/DeterminantTopModule_0/inst/one/determinant_reg[24]/C is not reached by a timing clock
Related violations: <none>

TIMING-17#402 Critical Warning
Non-clocked sequential cell  
The clock pin DeterminantMicroBlaze_i/DeterminantTopModule_0/inst/one/determinant_reg[25]/C is not reached by a timing clock
Related violations: <none>

TIMING-17#403 Critical Warning
Non-clocked sequential cell  
The clock pin DeterminantMicroBlaze_i/DeterminantTopModule_0/inst/one/determinant_reg[26]/C is not reached by a timing clock
Related violations: <none>

TIMING-17#404 Critical Warning
Non-clocked sequential cell  
The clock pin DeterminantMicroBlaze_i/DeterminantTopModule_0/inst/one/determinant_reg[27]/C is not reached by a timing clock
Related violations: <none>

TIMING-17#405 Critical Warning
Non-clocked sequential cell  
The clock pin DeterminantMicroBlaze_i/DeterminantTopModule_0/inst/one/determinant_reg[28]/C is not reached by a timing clock
Related violations: <none>

TIMING-17#406 Critical Warning
Non-clocked sequential cell  
The clock pin DeterminantMicroBlaze_i/DeterminantTopModule_0/inst/one/determinant_reg[29]/C is not reached by a timing clock
Related violations: <none>

TIMING-17#407 Critical Warning
Non-clocked sequential cell  
The clock pin DeterminantMicroBlaze_i/DeterminantTopModule_0/inst/one/determinant_reg[2]/C is not reached by a timing clock
Related violations: <none>

TIMING-17#408 Critical Warning
Non-clocked sequential cell  
The clock pin DeterminantMicroBlaze_i/DeterminantTopModule_0/inst/one/determinant_reg[30]/C is not reached by a timing clock
Related violations: <none>

TIMING-17#409 Critical Warning
Non-clocked sequential cell  
The clock pin DeterminantMicroBlaze_i/DeterminantTopModule_0/inst/one/determinant_reg[31]/C is not reached by a timing clock
Related violations: <none>

TIMING-17#410 Critical Warning
Non-clocked sequential cell  
The clock pin DeterminantMicroBlaze_i/DeterminantTopModule_0/inst/one/determinant_reg[3]/C is not reached by a timing clock
Related violations: <none>

TIMING-17#411 Critical Warning
Non-clocked sequential cell  
The clock pin DeterminantMicroBlaze_i/DeterminantTopModule_0/inst/one/determinant_reg[4]/C is not reached by a timing clock
Related violations: <none>

TIMING-17#412 Critical Warning
Non-clocked sequential cell  
The clock pin DeterminantMicroBlaze_i/DeterminantTopModule_0/inst/one/determinant_reg[5]/C is not reached by a timing clock
Related violations: <none>

TIMING-17#413 Critical Warning
Non-clocked sequential cell  
The clock pin DeterminantMicroBlaze_i/DeterminantTopModule_0/inst/one/determinant_reg[6]/C is not reached by a timing clock
Related violations: <none>

TIMING-17#414 Critical Warning
Non-clocked sequential cell  
The clock pin DeterminantMicroBlaze_i/DeterminantTopModule_0/inst/one/determinant_reg[7]/C is not reached by a timing clock
Related violations: <none>

TIMING-17#415 Critical Warning
Non-clocked sequential cell  
The clock pin DeterminantMicroBlaze_i/DeterminantTopModule_0/inst/one/determinant_reg[8]/C is not reached by a timing clock
Related violations: <none>

TIMING-17#416 Critical Warning
Non-clocked sequential cell  
The clock pin DeterminantMicroBlaze_i/DeterminantTopModule_0/inst/one/determinant_reg[9]/C is not reached by a timing clock
Related violations: <none>

TIMING-27#1 Critical Warning
Invalid primary clock on hierarchical pin  
A primary clock DeterminantMicroBlaze_i/clk_wiz_0/inst/clk_in1 is created on an inappropriate internal pin DeterminantMicroBlaze_i/clk_wiz_0/inst/clk_in1. It is not recommended to create a primary clock on a hierarchical pin when its driver pin has a fanout connected to multiple clock pins
Related violations: <none>

LUTAR-1#1 Warning
LUT drives async reset alert  
LUT cell DeterminantMicroBlaze_i/mdm_1/U0/MDM_Core_I1/JTAG_CONTROL_I/sel_n_i_2, with 2 or more inputs, drives asynchronous preset/clear pin(s) DeterminantMicroBlaze_i/mdm_1/U0/MDM_Core_I1/JTAG_CONTROL_I/sel_n_reg/PRE. The LUT may glitch and trigger an unexpected reset, even if it is a properly timed path.
Related violations: <none>

LUTAR-1#2 Warning
LUT drives async reset alert  
LUT cell DeterminantMicroBlaze_i/mdm_1/U0/Use_E2.BSCAN_I/Use_Serial_Unified_Completion.completion_status[15]_i_1, with 2 or more inputs, drives asynchronous preset/clear pin(s) DeterminantMicroBlaze_i/mdm_1/U0/MDM_Core_I1/Use_BSCAN.Config_Reg_reg[0]/CLR, DeterminantMicroBlaze_i/mdm_1/U0/MDM_Core_I1/Use_BSCAN.Config_Reg_reg[10]/CLR, DeterminantMicroBlaze_i/mdm_1/U0/MDM_Core_I1/Use_BSCAN.Config_Reg_reg[26]/CLR, DeterminantMicroBlaze_i/mdm_1/U0/MDM_Core_I1/Use_BSCAN.Config_Reg_reg[3]/CLR, DeterminantMicroBlaze_i/mdm_1/U0/MDM_Core_I1/Use_BSCAN.Config_Reg_reg_c/CLR, DeterminantMicroBlaze_i/mdm_1/U0/MDM_Core_I1/Use_BSCAN.Config_Reg_reg_c_0/CLR, DeterminantMicroBlaze_i/mdm_1/U0/MDM_Core_I1/Use_BSCAN.Config_Reg_reg_c_1/CLR, DeterminantMicroBlaze_i/mdm_1/U0/MDM_Core_I1/Use_BSCAN.Config_Reg_reg_c_10/CLR, DeterminantMicroBlaze_i/mdm_1/U0/MDM_Core_I1/Use_BSCAN.Config_Reg_reg_c_11/CLR, DeterminantMicroBlaze_i/mdm_1/U0/MDM_Core_I1/Use_BSCAN.Config_Reg_reg_c_12/CLR, DeterminantMicroBlaze_i/mdm_1/U0/MDM_Core_I1/Use_BSCAN.Config_Reg_reg_c_2/CLR, DeterminantMicroBlaze_i/mdm_1/U0/MDM_Core_I1/Use_BSCAN.Config_Reg_reg_c_3/CLR, DeterminantMicroBlaze_i/mdm_1/U0/MDM_Core_I1/Use_BSCAN.Config_Reg_reg_c_4/CLR, DeterminantMicroBlaze_i/mdm_1/U0/MDM_Core_I1/Use_BSCAN.Config_Reg_reg_c_5/CLR, DeterminantMicroBlaze_i/mdm_1/U0/MDM_Core_I1/Use_BSCAN.Config_Reg_reg_c_6/CLR (the first 15 of 23 listed). The LUT may glitch and trigger an unexpected reset, even if it is a properly timed path.
Related violations: <none>

LUTAR-1#3 Warning
LUT drives async reset alert  
LUT cell DeterminantMicroBlaze_i/mdm_1/U0/Use_E2.BSCAN_I/Use_Serial_Unified_Completion.completion_status[15]_i_1, with 2 or more inputs, drives asynchronous preset/clear pin(s) DeterminantMicroBlaze_i/mdm_1/U0/MDM_Core_I1/Use_BSCAN.PORT_Selector_1_reg[0]/CLR, DeterminantMicroBlaze_i/mdm_1/U0/MDM_Core_I1/Use_BSCAN.PORT_Selector_1_reg[1]/CLR, DeterminantMicroBlaze_i/mdm_1/U0/MDM_Core_I1/Use_BSCAN.PORT_Selector_1_reg[2]/CLR, DeterminantMicroBlaze_i/mdm_1/U0/MDM_Core_I1/Use_BSCAN.PORT_Selector_1_reg[3]/CLR, DeterminantMicroBlaze_i/mdm_1/U0/MDM_Core_I1/Use_BSCAN.PORT_Selector_reg[0]/CLR, DeterminantMicroBlaze_i/mdm_1/U0/MDM_Core_I1/Use_BSCAN.PORT_Selector_reg[1]/CLR, DeterminantMicroBlaze_i/mdm_1/U0/MDM_Core_I1/Use_BSCAN.PORT_Selector_reg[2]/CLR, DeterminantMicroBlaze_i/mdm_1/U0/MDM_Core_I1/Use_BSCAN.PORT_Selector_reg[3]/CLR, DeterminantMicroBlaze_i/mdm_1/U0/MDM_Core_I1/Use_BSCAN.TDI_Shifter_reg[0]/CLR, DeterminantMicroBlaze_i/mdm_1/U0/MDM_Core_I1/Use_BSCAN.TDI_Shifter_reg[1]/CLR, DeterminantMicroBlaze_i/mdm_1/U0/MDM_Core_I1/Use_BSCAN.TDI_Shifter_reg[2]/CLR, DeterminantMicroBlaze_i/mdm_1/U0/MDM_Core_I1/Use_BSCAN.TDI_Shifter_reg[3]/CLR. The LUT may glitch and trigger an unexpected reset, even if it is a properly timed path.
Related violations: <none>

TIMING-9#1 Warning
Unknown CDC Logic  
One or more asynchronous Clock Domain Crossing has been detected between 2 clock domains through a set_false_path or a set_clock_groups or set_max_delay -datapath_only constraint but no double-registers logic synchronizer has been found on the side of the capture clock. It is recommended to run report_cdc for a complete and detailed CDC coverage. Please consider using XPM_CDC to avoid Critical severities
Related violations: <none>

TIMING-18#1 Warning
Missing input or output delay  
An input delay is missing on reset relative to clock(s) DeterminantMicroBlaze_i/clk_wiz_0/inst/clk_in1
Related violations: <none>

TIMING-18#2 Warning
Missing input or output delay  
An input delay is missing on usb_uart_rxd relative to clock(s) DeterminantMicroBlaze_i/clk_wiz_0/inst/clk_in1
Related violations: <none>

TIMING-18#3 Warning
Missing input or output delay  
An output delay is missing on LED[0] relative to clock(s) DeterminantMicroBlaze_i/clk_wiz_0/inst/clk_in1
Related violations: <none>

TIMING-18#4 Warning
Missing input or output delay  
An output delay is missing on LED[10] relative to clock(s) DeterminantMicroBlaze_i/clk_wiz_0/inst/clk_in1
Related violations: <none>

TIMING-18#5 Warning
Missing input or output delay  
An output delay is missing on LED[11] relative to clock(s) DeterminantMicroBlaze_i/clk_wiz_0/inst/clk_in1
Related violations: <none>

TIMING-18#6 Warning
Missing input or output delay  
An output delay is missing on LED[12] relative to clock(s) DeterminantMicroBlaze_i/clk_wiz_0/inst/clk_in1
Related violations: <none>

TIMING-18#7 Warning
Missing input or output delay  
An output delay is missing on LED[13] relative to clock(s) DeterminantMicroBlaze_i/clk_wiz_0/inst/clk_in1
Related violations: <none>

TIMING-18#8 Warning
Missing input or output delay  
An output delay is missing on LED[14] relative to clock(s) DeterminantMicroBlaze_i/clk_wiz_0/inst/clk_in1
Related violations: <none>

TIMING-18#9 Warning
Missing input or output delay  
An output delay is missing on LED[15] relative to clock(s) DeterminantMicroBlaze_i/clk_wiz_0/inst/clk_in1
Related violations: <none>

TIMING-18#10 Warning
Missing input or output delay  
An output delay is missing on LED[1] relative to clock(s) DeterminantMicroBlaze_i/clk_wiz_0/inst/clk_in1
Related violations: <none>

TIMING-18#11 Warning
Missing input or output delay  
An output delay is missing on LED[2] relative to clock(s) DeterminantMicroBlaze_i/clk_wiz_0/inst/clk_in1
Related violations: <none>

TIMING-18#12 Warning
Missing input or output delay  
An output delay is missing on LED[3] relative to clock(s) DeterminantMicroBlaze_i/clk_wiz_0/inst/clk_in1
Related violations: <none>

TIMING-18#13 Warning
Missing input or output delay  
An output delay is missing on LED[4] relative to clock(s) DeterminantMicroBlaze_i/clk_wiz_0/inst/clk_in1
Related violations: <none>

TIMING-18#14 Warning
Missing input or output delay  
An output delay is missing on LED[5] relative to clock(s) DeterminantMicroBlaze_i/clk_wiz_0/inst/clk_in1
Related violations: <none>

TIMING-18#15 Warning
Missing input or output delay  
An output delay is missing on LED[6] relative to clock(s) DeterminantMicroBlaze_i/clk_wiz_0/inst/clk_in1
Related violations: <none>

TIMING-18#16 Warning
Missing input or output delay  
An output delay is missing on LED[7] relative to clock(s) DeterminantMicroBlaze_i/clk_wiz_0/inst/clk_in1
Related violations: <none>

TIMING-18#17 Warning
Missing input or output delay  
An output delay is missing on LED[8] relative to clock(s) DeterminantMicroBlaze_i/clk_wiz_0/inst/clk_in1
Related violations: <none>

TIMING-18#18 Warning
Missing input or output delay  
An output delay is missing on LED[9] relative to clock(s) DeterminantMicroBlaze_i/clk_wiz_0/inst/clk_in1
Related violations: <none>

TIMING-18#19 Warning
Missing input or output delay  
An output delay is missing on usb_uart_txd relative to clock(s) DeterminantMicroBlaze_i/clk_wiz_0/inst/clk_in1
Related violations: <none>


